Outputfile written by Diana 10.3 (Latest update: 2019-08-28)
 /DIANA/AP/PH40    17:08:54      0.00-CPU     0.08-IO       13-FA   BEGIN 
 PHASE 1 INITIALIZED
 /DIANA/AP/PH40    17:08:54      0.02-CPU     0.12-IO       17-FA   PHASE
 /DIANA/AP/NL41    17:08:55      0.02-CPU     0.16-IO       13-FA   BEGIN 
     ELEM. STIFFNESS STORED.
     RHS-VECTORS INITIALIZED: ML=     2 ND=       8 SF.RHSIDE
     EXTER. LOAD INITIALIZED: ML=     2 ND=       8 SF.EXTLOD
     CONST.DISP. INITIALIZED: ML=     2 ND=       8 SF.DISCON
     DEFORM. TO CONSTRAINTS : NV=     2 ND=     4 SF.DISCON
     NODAL DISPLACEMENTS TO CONSTRAINTS : NV=     2 NO=     4 SF.DISCON
     CONSTRAINTS TO RHS-VECT: NV=     2 SF.RHSIDE
  
     SUM OF EXT.LOAD TO CALC: ML=     2 ND=       8 SF.EXTLOD
  
 SUM OF EXTERNAL LOADS:
 ======================
 LOADSET POSITION  TR  X       TR  Y       TR  Z       RO  X       RO  Y       RO  Z
       1           0.0000E+00  0.0000E+00  0.0000E+00  0.0000E+00  0.0000E+00  0.0000E+00
       2           0.0000E+00  0.0000E+00  0.0000E+00  0.0000E+00  0.0000E+00  0.0000E+00
  ANALYSIS INCLUDES:
 
    PHYSICALLY NONLINEAR BEHAVIOR:
      TOTAL STRAIN-BASED CRACK MODEL 
 
 
  STEP      1 INITIATED:
   LOAD INCREMENT:  LOADING( 1) *   1.000E-03
      SPARSE: DIM=2 NNZ(MAT)=3
      SOLVE: REDUCTION RES= 0.00E+00 (INIT. RES= 0.44E+02) NI=    1
      ETA-ENERGY DIAGRAM    0    0.000E+00    1.250E-02
      ETA-ENERGY DIAGRAM    1    1.000E+00    3.812E-18
 
  STEP      1 : ENERGY NORM       =  1.500E-01         TOLERANCE =  1.000E-04
  STEP      1 : FORCE NORM        =  3.000E+02         TOLERANCE =  1.000E-02
 
  RELATIVE OUT OF BALANCE FORCE   =  4.773E-17         CHECK = TRUE
 
      SPARSE: DIM=2 NNZ(MAT)=3
      SOLVE: REDUCTION RES= 0.55E-16 (INIT. RES= 0.14E-13) NI=    1
      ETA-ENERGY DIAGRAM    0    0.000E+00    1.367E-33
      ETA-ENERGY DIAGRAM    1    1.000E+00    0.000E+00
 
  RELATIVE ENERGY VARIATION       =  4.556E-33         CHECK = TRUE
  RELATIVE OUT OF BALANCE FORCE   =  0.000E+00         CHECK = TRUE
 
  STEP      1 TERMINATED, CONVERGENCE AFTER   1 ITERATION
   TOTAL LOAD FACTOR:  LOADING( 1) *   1.000E-03
 
   PLASTICITY LOGGING SUMMARY
   GROUP NAME          PLAST, PRV. PL, CRITIC, PLAST NEW, PRV.PL NEW, CRITIC NEW
   TOTAL MODEL             0        0       0          0           0           0
   CRACKING LOGGING SUMMARY
   GROUP NAME               CRACK,     OPEN,   CLOSED,   ACTIVE,   INACTI,   ARISES, RE-OPENS,   CLOSES
   TOTAL MODEL                  0         0         0         0         0         0         0         0
     CUMULATIVE REACTION:         FORCE X        FORCE Y
                                0.00000D+00     0.00000D+00
  
 SEVERITY  : WARNING
 ERROR CODE: /DIANA/PO/WR42/1038
 ERRORMSG.W: Specified output STRAIN CRACK GREEN LOCAL INTPNT is not available for any of the (selected) ELEMEN.
 Loadcase is 1

 SEVERITY  : WARNING
 ERROR CODE: /DIANA/PO/WR42/1038
 ERRORMSG.W: Specified output STRAIN CRKWDT GREEN GLOBAL NODES is not available for any of the (selected) ELEMEN.
 Loadcase is 1

 SEVERITY  : WARNING
 ERROR CODE: /DIANA/PO/WR42/1038
 ERRORMSG.W: Specified output STRESS CRACK CAUCHY LOCAL INTPNT is not available for any of the (selected) ELEMEN.
 Loadcase is 1

 
  STEP      2 INITIATED:
   LOAD INCREMENT:  LOADING( 1) *   1.000E-03
      SPARSE: DIM=2 NNZ(MAT)=3
      SOLVE: REDUCTION RES= 0.00E+00 (INIT. RES= 0.44E+02) NI=    1
      ETA-ENERGY DIAGRAM    0    0.000E+00    1.250E-02
      ETA-ENERGY DIAGRAM    1    1.000E+00    5.082E-18
 
  STEP      2 : ENERGY NORM       =  4.500E-01         TOLERANCE =  1.000E-04
  STEP      2 : FORCE NORM        =  6.000E+02         TOLERANCE =  1.000E-02
 
  RELATIVE OUT OF BALANCE FORCE   =  3.018E-17         CHECK = TRUE
 
      SPARSE: DIM=2 NNZ(MAT)=3
      SOLVE: REDUCTION RES= 0.00E+00 (INIT. RES= 0.18E-13) NI=    1
      ETA-ENERGY DIAGRAM    0    0.000E+00    2.110E-33
      ETA-ENERGY DIAGRAM    1    1.000E+00    0.000E+00
 
  RELATIVE ENERGY VARIATION       =  2.345E-33         CHECK = TRUE
  RELATIVE OUT OF BALANCE FORCE   =  0.000E+00         CHECK = TRUE
 
  STEP      2 TERMINATED, CONVERGENCE AFTER   1 ITERATION
   TOTAL LOAD FACTOR:  LOADING( 1) *   2.000E-03
 
   PLASTICITY LOGGING SUMMARY
   GROUP NAME          PLAST, PRV. PL, CRITIC, PLAST NEW, PRV.PL NEW, CRITIC NEW
   TOTAL MODEL             0        0       0          0           0           0
   CRACKING LOGGING SUMMARY
   GROUP NAME               CRACK,     OPEN,   CLOSED,   ACTIVE,   INACTI,   ARISES, RE-OPENS,   CLOSES
   TOTAL MODEL                  0         0         0         0         0         0         0         0
     CUMULATIVE REACTION:         FORCE X        FORCE Y
                                0.00000D+00     0.00000D+00
  
 SEVERITY  : WARNING
 ERROR CODE: /DIANA/PO/WR42/1038
 ERRORMSG.W: Specified output STRAIN CRACK GREEN LOCAL INTPNT is not available for any of the (selected) ELEMEN.
 Loadcase is 1

 SEVERITY  : WARNING
 ERROR CODE: /DIANA/PO/WR42/1038
 ERRORMSG.W: Specified output STRAIN CRKWDT GREEN GLOBAL NODES is not available for any of the (selected) ELEMEN.
 Loadcase is 1

 SEVERITY  : WARNING
 ERROR CODE: /DIANA/PO/WR42/1038
 ERRORMSG.W: Specified output STRESS CRACK CAUCHY LOCAL INTPNT is not available for any of the (selected) ELEMEN.
 Loadcase is 1

 
  STEP      3 INITIATED:
   LOAD INCREMENT:  LOADING( 1) *   1.000E-03
      SPARSE: DIM=2 NNZ(MAT)=3
      SOLVE: REDUCTION RES= 0.00E+00 (INIT. RES= 0.44E+02) NI=    1
      ETA-ENERGY DIAGRAM    0    0.000E+00    1.250E-02
      ETA-ENERGY DIAGRAM    1    1.000E+00    2.541E-18
 
  STEP      3 : ENERGY NORM       =  7.500E-01         TOLERANCE =  1.000E-04
  STEP      3 : FORCE NORM        =  9.000E+02         TOLERANCE =  1.000E-02
 
  RELATIVE OUT OF BALANCE FORCE   =  1.296E-17         CHECK = TRUE
 
      SPARSE: DIM=2 NNZ(MAT)=3
      SOLVE: REDUCTION RES= 0.00E+00 (INIT. RES= 0.12E-13) NI=    1
      ETA-ENERGY DIAGRAM    0    0.000E+00    9.988E-34
      ETA-ENERGY DIAGRAM    1    1.000E+00   -9.988E-34
      NO LINE SEARCH POSSIBLE ON INTERVAL
 
  RELATIVE ENERGY VARIATION       =  0.000E+00         CHECK = TRUE
  RELATIVE OUT OF BALANCE FORCE   =  1.296E-17         CHECK = TRUE
 
  STEP      3 TERMINATED, CONVERGENCE AFTER   1 ITERATION
   TOTAL LOAD FACTOR:  LOADING( 1) *   3.000E-03
 
   PLASTICITY LOGGING SUMMARY
   GROUP NAME          PLAST, PRV. PL, CRITIC, PLAST NEW, PRV.PL NEW, CRITIC NEW
   TOTAL MODEL             0        0       0          0           0           0
   CRACKING LOGGING SUMMARY
   GROUP NAME               CRACK,     OPEN,   CLOSED,   ACTIVE,   INACTI,   ARISES, RE-OPENS,   CLOSES
   TOTAL MODEL                  0         0         0         0         0         0         0         0
     CUMULATIVE REACTION:         FORCE X        FORCE Y
                               -0.12705D-13     0.00000D+00
  
 SEVERITY  : WARNING
 ERROR CODE: /DIANA/PO/WR42/1038
 ERRORMSG.W: Specified output STRAIN CRACK GREEN LOCAL INTPNT is not available for any of the (selected) ELEMEN.
 Loadcase is 1

 SEVERITY  : WARNING
 ERROR CODE: /DIANA/PO/WR42/1038
 ERRORMSG.W: Specified output STRAIN CRKWDT GREEN GLOBAL NODES is not available for any of the (selected) ELEMEN.
 Loadcase is 1

 SEVERITY  : WARNING
 ERROR CODE: /DIANA/PO/WR42/1038
 ERRORMSG.W: Specified output STRESS CRACK CAUCHY LOCAL INTPNT is not available for any of the (selected) ELEMEN.
 Loadcase is 1

 
  STEP      4 INITIATED:
   LOAD INCREMENT:  LOADING( 1) *   1.000E-03
      SPARSE: DIM=2 NNZ(MAT)=3
      SOLVE: REDUCTION RES= 0.80E-16 (INIT. RES= 0.44E+02) NI=    1
      ETA-ENERGY DIAGRAM    0    0.000E+00    1.250E-02
      ETA-ENERGY DIAGRAM    1    1.000E+00    1.016E-17
 
  STEP      4 : ENERGY NORM       =  1.050E+00         TOLERANCE =  1.000E-04
  STEP      4 : FORCE NORM        =  1.200E+03         TOLERANCE =  1.000E-02
 
  RELATIVE OUT OF BALANCE FORCE   =  3.018E-17         CHECK = TRUE
 
      SPARSE: DIM=2 NNZ(MAT)=3
      SOLVE: REDUCTION RES= 0.00E+00 (INIT. RES= 0.36E-13) NI=    1
      ETA-ENERGY DIAGRAM    0    0.000E+00    8.441E-33
      ETA-ENERGY DIAGRAM    1    1.000E+00   -4.539E-33
 
  RELATIVE ENERGY VARIATION       =  1.858E-33         CHECK = TRUE
  RELATIVE OUT OF BALANCE FORCE   =  1.729E-17         CHECK = TRUE
 
  STEP      4 TERMINATED, CONVERGENCE AFTER   1 ITERATION
   TOTAL LOAD FACTOR:  LOADING( 1) *   4.000E-03
 
   PLASTICITY LOGGING SUMMARY
   GROUP NAME          PLAST, PRV. PL, CRITIC, PLAST NEW, PRV.PL NEW, CRITIC NEW
   TOTAL MODEL             0        0       0          0           0           0
   CRACKING LOGGING SUMMARY
   GROUP NAME               CRACK,     OPEN,   CLOSED,   ACTIVE,   INACTI,   ARISES, RE-OPENS,   CLOSES
   TOTAL MODEL                  0         0         0         0         0         0         0         0
     CUMULATIVE REACTION:         FORCE X        FORCE Y
                               -0.25411D-13     0.00000D+00
  
 SEVERITY  : WARNING
 ERROR CODE: /DIANA/PO/WR42/1038
 ERRORMSG.W: Specified output STRAIN CRACK GREEN LOCAL INTPNT is not available for any of the (selected) ELEMEN.
 Loadcase is 1

 SEVERITY  : WARNING
 ERROR CODE: /DIANA/PO/WR42/1038
 ERRORMSG.W: Specified output STRAIN CRKWDT GREEN GLOBAL NODES is not available for any of the (selected) ELEMEN.
 Loadcase is 1

 SEVERITY  : WARNING
 ERROR CODE: /DIANA/PO/WR42/1038
 ERRORMSG.W: Specified output STRESS CRACK CAUCHY LOCAL INTPNT is not available for any of the (selected) ELEMEN.
 Loadcase is 1

 
  STEP      5 INITIATED:
   LOAD INCREMENT:  LOADING( 1) *   1.000E-03
      SPARSE: DIM=2 NNZ(MAT)=3
      SOLVE: REDUCTION RES= 0.80E-16 (INIT. RES= 0.44E+02) NI=    1
      ETA-ENERGY DIAGRAM    0    0.000E+00    1.250E-02
      ETA-ENERGY DIAGRAM    1    1.000E+00   -5.082E-18
 
  STEP      5 : ENERGY NORM       =  1.350E+00         TOLERANCE =  1.000E-04
  STEP      5 : FORCE NORM        =  1.500E+03         TOLERANCE =  1.000E-02
 
  RELATIVE OUT OF BALANCE FORCE   =  1.222E-17         CHECK = TRUE
 
      SPARSE: DIM=2 NNZ(MAT)=3
      SOLVE: REDUCTION RES= 0.00E+00 (INIT. RES= 0.18E-13) NI=    1
      ETA-ENERGY DIAGRAM    0    0.000E+00    2.182E-33
      ETA-ENERGY DIAGRAM    1    1.000E+00    3.020E-34
 
  RELATIVE ENERGY VARIATION       =  9.199E-34         CHECK = TRUE
  RELATIVE OUT OF BALANCE FORCE   =  6.345E-18         CHECK = TRUE
 
  STEP      5 TERMINATED, CONVERGENCE AFTER   1 ITERATION
   TOTAL LOAD FACTOR:  LOADING( 1) *   5.000E-03
 
   PLASTICITY LOGGING SUMMARY
   GROUP NAME          PLAST, PRV. PL, CRITIC, PLAST NEW, PRV.PL NEW, CRITIC NEW
   TOTAL MODEL             0        0       0          0           0           0
   CRACKING LOGGING SUMMARY
   GROUP NAME               CRACK,     OPEN,   CLOSED,   ACTIVE,   INACTI,   ARISES, RE-OPENS,   CLOSES
   TOTAL MODEL                  0         0         0         0         0         0         0         0
     CUMULATIVE REACTION:         FORCE X        FORCE Y
                               -0.31554D-29     0.00000D+00
  
 SEVERITY  : WARNING
 ERROR CODE: /DIANA/PO/WR42/1038
 ERRORMSG.W: Specified output STRAIN CRACK GREEN LOCAL INTPNT is not available for any of the (selected) ELEMEN.
 Loadcase is 1

 SEVERITY  : WARNING
 ERROR CODE: /DIANA/PO/WR42/1038
 ERRORMSG.W: Specified output STRAIN CRKWDT GREEN GLOBAL NODES is not available for any of the (selected) ELEMEN.
 Loadcase is 1

 SEVERITY  : WARNING
 ERROR CODE: /DIANA/PO/WR42/1038
 ERRORMSG.W: Specified output STRESS CRACK CAUCHY LOCAL INTPNT is not available for any of the (selected) ELEMEN.
 Loadcase is 1

 
  STEP      6 INITIATED:
   LOAD INCREMENT:  LOADING( 1) *   1.000E-03
      SPARSE: DIM=2 NNZ(MAT)=3
      SOLVE: REDUCTION RES= 0.00E+00 (INIT. RES= 0.44E+02) NI=    1
      ETA-ENERGY DIAGRAM    0    0.000E+00    1.250E-02
      ETA-ENERGY DIAGRAM    1    1.000E+00    1.016E-17
 
  STEP      6 : ENERGY NORM       =  1.466E+00         TOLERANCE =  1.000E-04
  STEP      6 : FORCE NORM        =  1.432E+03         TOLERANCE =  1.000E-02
 
  RELATIVE OUT OF BALANCE FORCE   =  2.879E-17         CHECK = TRUE
 
      SPARSE: DIM=2 NNZ(MAT)=3
      SOLVE: REDUCTION RES= 0.00E+00 (INIT. RES= 0.41E-13) NI=    1
      ETA-ENERGY DIAGRAM    0    0.000E+00    1.188E-32
      ETA-ENERGY DIAGRAM    1    1.000E+00   -4.530E-33
 
  RELATIVE ENERGY VARIATION       =  2.506E-33         CHECK = TRUE
  RELATIVE OUT OF BALANCE FORCE   =  1.258E-17         CHECK = TRUE
 
  STEP      6 TERMINATED, CONVERGENCE AFTER   1 ITERATION
   TOTAL LOAD FACTOR:  LOADING( 1) *   6.000E-03
 
   PLASTICITY LOGGING SUMMARY
   GROUP NAME          PLAST, PRV. PL, CRITIC, PLAST NEW, PRV.PL NEW, CRITIC NEW
   TOTAL MODEL             0        0       0          0           0           0
   CRACKING LOGGING SUMMARY
   GROUP NAME               CRACK,     OPEN,   CLOSED,   ACTIVE,   INACTI,   ARISES, RE-OPENS,   CLOSES
   TOTAL MODEL                  4         4         0         4         0         4         0         0
     CUMULATIVE REACTION:         FORCE X        FORCE Y
                               -0.25411D-13     0.00000D+00
  
 
  STEP      7 INITIATED:
   LOAD INCREMENT:  LOADING( 1) *   1.000E-03
      SPARSE: DIM=2 NNZ(MAT)=3
      SOLVE: REDUCTION RES= 0.88E-16 (INIT. RES= 0.18E-13) NI=    1
      ETA-ENERGY DIAGRAM    0    0.000E+00    2.168E-33
      ETA-ENERGY DIAGRAM    1    1.000E+00   -5.294E-18
      NO LINE SEARCH POSSIBLE ON INTERVAL
 
  STEP      7 : ENERGY NORM       =  1.399E+00         TOLERANCE =  1.000E-04
  STEP      7 : FORCE NORM        =  1.366E+03         TOLERANCE =  1.000E-02
 
  RELATIVE OUT OF BALANCE FORCE   =  3.234E-02         CHECK = FALSE
 
      SPARSE: DIM=2 NNZ(MAT)=3
      SOLVE: REDUCTION RES= 0.00E+00 (INIT. RES= 0.44E+02) NI=    1
      ETA-ENERGY DIAGRAM    0    0.000E+00    1.302E-02
      ETA-ENERGY DIAGRAM    1    1.000E+00   -5.425E-04
 
  RELATIVE ENERGY VARIATION       =  4.461E-03         CHECK = FALSE
  RELATIVE OUT OF BALANCE FORCE   =  1.348E-03         CHECK = TRUE
 
      SPARSE: DIM=2 NNZ(MAT)=3
      SOLVE: REDUCTION RES= 0.00E+00 (INIT. RES= 0.18E+01) NI=    1
      ETA-ENERGY DIAGRAM    0    0.000E+00    2.261E-05
      ETA-ENERGY DIAGRAM    1    1.000E+00   -9.419E-07
 
  RELATIVE ENERGY VARIATION       =  7.745E-06         CHECK = TRUE
  RELATIVE OUT OF BALANCE FORCE   =  5.615E-05         CHECK = TRUE
 
  STEP      7 TERMINATED, CONVERGENCE AFTER   2 ITERATIONS
   TOTAL LOAD FACTOR:  LOADING( 1) *   7.000E-03
 
   PLASTICITY LOGGING SUMMARY
   GROUP NAME          PLAST, PRV. PL, CRITIC, PLAST NEW, PRV.PL NEW, CRITIC NEW
   TOTAL MODEL             0        0       0          0           0           0
   CRACKING LOGGING SUMMARY
   GROUP NAME               CRACK,     OPEN,   CLOSED,   ACTIVE,   INACTI,   ARISES, RE-OPENS,   CLOSES
   TOTAL MODEL                  4         4         0         4         0         0         0         0
     CUMULATIVE REACTION:         FORCE X        FORCE Y
                                0.10851D+00     0.00000D+00
  
 
  STEP      8 INITIATED:
   LOAD INCREMENT:  LOADING( 1) *   1.000E-03
      SPARSE: DIM=2 NNZ(MAT)=3
      SOLVE: REDUCTION RES= 0.00E+00 (INIT. RES= 0.77E-01) NI=    1
      ETA-ENERGY DIAGRAM    0    0.000E+00    3.925E-08
      ETA-ENERGY DIAGRAM    1    1.000E+00    2.260E-05
      LINE SEARCH LIMITED TO LOWER BOUND
      ETA-ENERGY DIAGRAM    2    1.000E-01    2.264E-05
      LINE SEARCH CONVERGED ON INTERVAL
 
  STEP      8 : ENERGY NORM       =  1.336E+00         TOLERANCE =  1.000E-04
  STEP      8 : FORCE NORM        =  1.305E+03         TOLERANCE =  1.000E-02
 
  RELATIVE OUT OF BALANCE FORCE   =  3.392E-02         CHECK = FALSE
 
      SPARSE: DIM=2 NNZ(MAT)=3
      SOLVE: REDUCTION RES= 0.80E-16 (INIT. RES= 0.44E+02) NI=    1
      ETA-ENERGY DIAGRAM    0    0.000E+00    1.306E-02
      ETA-ENERGY DIAGRAM    1    1.000E+00   -5.442E-04
 
  RELATIVE ENERGY VARIATION       =  4.686E-03         CHECK = FALSE
  RELATIVE OUT OF BALANCE FORCE   =  1.413E-03         CHECK = TRUE
 
      SPARSE: DIM=2 NNZ(MAT)=3
      SOLVE: REDUCTION RES= 0.00E+00 (INIT. RES= 0.18E+01) NI=    1
      ETA-ENERGY DIAGRAM    0    0.000E+00    2.268E-05
      ETA-ENERGY DIAGRAM    1    1.000E+00   -9.448E-07
 
  RELATIVE ENERGY VARIATION       =  8.135E-06         CHECK = TRUE
  RELATIVE OUT OF BALANCE FORCE   =  5.888E-05         CHECK = TRUE
 
  STEP      8 TERMINATED, CONVERGENCE AFTER   2 ITERATIONS
   TOTAL LOAD FACTOR:  LOADING( 1) *   8.000E-03
 
   PLASTICITY LOGGING SUMMARY
   GROUP NAME          PLAST, PRV. PL, CRITIC, PLAST NEW, PRV.PL NEW, CRITIC NEW
   TOTAL MODEL             0        0       0          0           0           0
   CRACKING LOGGING SUMMARY
   GROUP NAME               CRACK,     OPEN,   CLOSED,   ACTIVE,   INACTI,   ARISES, RE-OPENS,   CLOSES
   TOTAL MODEL                  4         4         0         4         0         0         0         0
     CUMULATIVE REACTION:         FORCE X        FORCE Y
                                0.10868D+00     0.00000D+00
  
 
  STEP      9 INITIATED:
   LOAD INCREMENT:  LOADING( 1) *   1.000E-03
      SPARSE: DIM=2 NNZ(MAT)=3
      SOLVE: REDUCTION RES= 0.00E+00 (INIT. RES= 0.77E-01) NI=    1
      ETA-ENERGY DIAGRAM    0    0.000E+00    3.937E-08
      ETA-ENERGY DIAGRAM    1    1.000E+00    2.264E-05
      LINE SEARCH LIMITED TO LOWER BOUND
      ETA-ENERGY DIAGRAM    2    1.000E-01    2.268E-05
      LINE SEARCH CONVERGED ON INTERVAL
 
  STEP      9 : ENERGY NORM       =  1.275E+00         TOLERANCE =  1.000E-04
  STEP      9 : FORCE NORM        =  1.247E+03         TOLERANCE =  1.000E-02
 
  RELATIVE OUT OF BALANCE FORCE   =  3.551E-02         CHECK = FALSE
 
      SPARSE: DIM=2 NNZ(MAT)=3
      SOLVE: REDUCTION RES= 0.00E+00 (INIT. RES= 0.44E+02) NI=    1
      ETA-ENERGY DIAGRAM    0    0.000E+00    1.306E-02
      ETA-ENERGY DIAGRAM    1    1.000E+00   -5.442E-04
 
  RELATIVE ENERGY VARIATION       =  4.907E-03         CHECK = FALSE
  RELATIVE OUT OF BALANCE FORCE   =  1.480E-03         CHECK = TRUE
 
      SPARSE: DIM=2 NNZ(MAT)=3
      SOLVE: REDUCTION RES= 0.00E+00 (INIT. RES= 0.18E+01) NI=    1
      ETA-ENERGY DIAGRAM    0    0.000E+00    2.268E-05
      ETA-ENERGY DIAGRAM    1    1.000E+00   -9.448E-07
 
  RELATIVE ENERGY VARIATION       =  8.519E-06         CHECK = TRUE
  RELATIVE OUT OF BALANCE FORCE   =  6.165E-05         CHECK = TRUE
 
  STEP      9 TERMINATED, CONVERGENCE AFTER   2 ITERATIONS
   TOTAL LOAD FACTOR:  LOADING( 1) *   9.000E-03
 
   PLASTICITY LOGGING SUMMARY
   GROUP NAME          PLAST, PRV. PL, CRITIC, PLAST NEW, PRV.PL NEW, CRITIC NEW
   TOTAL MODEL             0        0       0          0           0           0
   CRACKING LOGGING SUMMARY
   GROUP NAME               CRACK,     OPEN,   CLOSED,   ACTIVE,   INACTI,   ARISES, RE-OPENS,   CLOSES
   TOTAL MODEL                  4         4         0         4         0         0         0         0
     CUMULATIVE REACTION:         FORCE X        FORCE Y
                                0.10868D+00     0.00000D+00
  
 
  STEP     10 INITIATED:
   LOAD INCREMENT:  LOADING( 1) *   1.000E-03
      SPARSE: DIM=2 NNZ(MAT)=3
      SOLVE: REDUCTION RES= 0.00E+00 (INIT. RES= 0.77E-01) NI=    1
      ETA-ENERGY DIAGRAM    0    0.000E+00    3.937E-08
      ETA-ENERGY DIAGRAM    1    1.000E+00    2.264E-05
      LINE SEARCH LIMITED TO LOWER BOUND
      ETA-ENERGY DIAGRAM    2    1.000E-01    2.268E-05
      LINE SEARCH CONVERGED ON INTERVAL
 
  STEP     10 : ENERGY NORM       =  1.218E+00         TOLERANCE =  1.000E-04
  STEP     10 : FORCE NORM        =  1.191E+03         TOLERANCE =  1.000E-02
 
  RELATIVE OUT OF BALANCE FORCE   =  3.717E-02         CHECK = FALSE
 
      SPARSE: DIM=2 NNZ(MAT)=3
      SOLVE: REDUCTION RES= 0.80E-16 (INIT. RES= 0.44E+02) NI=    1
      ETA-ENERGY DIAGRAM    0    0.000E+00    1.306E-02
      ETA-ENERGY DIAGRAM    1    1.000E+00   -5.442E-04
 
  RELATIVE ENERGY VARIATION       =  5.137E-03         CHECK = FALSE
  RELATIVE OUT OF BALANCE FORCE   =  1.549E-03         CHECK = TRUE
 
      SPARSE: DIM=2 NNZ(MAT)=3
      SOLVE: REDUCTION RES= 0.00E+00 (INIT. RES= 0.18E+01) NI=    1
      ETA-ENERGY DIAGRAM    0    0.000E+00    2.268E-05
      ETA-ENERGY DIAGRAM    1    1.000E+00   -9.448E-07
 
  RELATIVE ENERGY VARIATION       =  8.919E-06         CHECK = TRUE
  RELATIVE OUT OF BALANCE FORCE   =  6.453E-05         CHECK = TRUE
 
  STEP     10 TERMINATED, CONVERGENCE AFTER   2 ITERATIONS
   TOTAL LOAD FACTOR:  LOADING( 1) *   1.000E-02
 
   PLASTICITY LOGGING SUMMARY
   GROUP NAME          PLAST, PRV. PL, CRITIC, PLAST NEW, PRV.PL NEW, CRITIC NEW
   TOTAL MODEL             0        0       0          0           0           0
   CRACKING LOGGING SUMMARY
   GROUP NAME               CRACK,     OPEN,   CLOSED,   ACTIVE,   INACTI,   ARISES, RE-OPENS,   CLOSES
   TOTAL MODEL                  4         4         0         4         0         0         0         0
     CUMULATIVE REACTION:         FORCE X        FORCE Y
                                0.10868D+00     0.00000D+00
  
 
  STEP     11 INITIATED:
   LOAD INCREMENT:  LOADING( 1) *   1.000E-03
      SPARSE: DIM=2 NNZ(MAT)=3
      SOLVE: REDUCTION RES= 0.90E-16 (INIT. RES= 0.77E-01) NI=    1
      ETA-ENERGY DIAGRAM    0    0.000E+00    3.937E-08
      ETA-ENERGY DIAGRAM    1    1.000E+00    2.264E-05
      LINE SEARCH LIMITED TO LOWER BOUND
      ETA-ENERGY DIAGRAM    2    1.000E-01    2.268E-05
      LINE SEARCH CONVERGED ON INTERVAL
 
  STEP     11 : ENERGY NORM       =  1.164E+00         TOLERANCE =  1.000E-04
  STEP     11 : FORCE NORM        =  1.138E+03         TOLERANCE =  1.000E-02
 
  RELATIVE OUT OF BALANCE FORCE   =  3.890E-02         CHECK = FALSE
 
      SPARSE: DIM=2 NNZ(MAT)=3
      SOLVE: REDUCTION RES= 0.00E+00 (INIT. RES= 0.44E+02) NI=    1
      ETA-ENERGY DIAGRAM    0    0.000E+00    1.306E-02
      ETA-ENERGY DIAGRAM    1    1.000E+00   -5.442E-04
 
  RELATIVE ENERGY VARIATION       =  5.377E-03         CHECK = FALSE
  RELATIVE OUT OF BALANCE FORCE   =  1.621E-03         CHECK = TRUE
 
      SPARSE: DIM=2 NNZ(MAT)=3
      SOLVE: REDUCTION RES= 0.00E+00 (INIT. RES= 0.18E+01) NI=    1
      ETA-ENERGY DIAGRAM    0    0.000E+00    2.268E-05
      ETA-ENERGY DIAGRAM    1    1.000E+00   -9.448E-07
 
  RELATIVE ENERGY VARIATION       =  9.336E-06         CHECK = TRUE
  RELATIVE OUT OF BALANCE FORCE   =  6.753E-05         CHECK = TRUE
 
  STEP     11 TERMINATED, CONVERGENCE AFTER   2 ITERATIONS
   TOTAL LOAD FACTOR:  LOADING( 1) *   1.100E-02
 
   PLASTICITY LOGGING SUMMARY
   GROUP NAME          PLAST, PRV. PL, CRITIC, PLAST NEW, PRV.PL NEW, CRITIC NEW
   TOTAL MODEL             0        0       0          0           0           0
   CRACKING LOGGING SUMMARY
   GROUP NAME               CRACK,     OPEN,   CLOSED,   ACTIVE,   INACTI,   ARISES, RE-OPENS,   CLOSES
   TOTAL MODEL                  4         4         0         4         0         0         0         0
     CUMULATIVE REACTION:         FORCE X        FORCE Y
                                0.10868D+00     0.00000D+00
  
 
  STEP     12 INITIATED:
   LOAD INCREMENT:  LOADING( 1) *   1.000E-03
      SPARSE: DIM=2 NNZ(MAT)=3
      SOLVE: REDUCTION RES= 0.00E+00 (INIT. RES= 0.77E-01) NI=    1
      ETA-ENERGY DIAGRAM    0    0.000E+00    3.937E-08
      ETA-ENERGY DIAGRAM    1    1.000E+00    2.264E-05
      LINE SEARCH LIMITED TO LOWER BOUND
      ETA-ENERGY DIAGRAM    2    1.000E-01    2.268E-05
      LINE SEARCH CONVERGED ON INTERVAL
 
  STEP     12 : ENERGY NORM       =  1.112E+00         TOLERANCE =  1.000E-04
  STEP     12 : FORCE NORM        =  1.088E+03         TOLERANCE =  1.000E-02
 
  RELATIVE OUT OF BALANCE FORCE   =  4.069E-02         CHECK = FALSE
 
      SPARSE: DIM=2 NNZ(MAT)=3
      SOLVE: REDUCTION RES= 0.00E+00 (INIT. RES= 0.44E+02) NI=    1
      ETA-ENERGY DIAGRAM    0    0.000E+00    1.306E-02
      ETA-ENERGY DIAGRAM    1    1.000E+00   -5.442E-04
 
  RELATIVE ENERGY VARIATION       =  5.628E-03         CHECK = FALSE
  RELATIVE OUT OF BALANCE FORCE   =  1.696E-03         CHECK = TRUE
 
      SPARSE: DIM=2 NNZ(MAT)=3
      SOLVE: REDUCTION RES= 0.00E+00 (INIT. RES= 0.18E+01) NI=    1
      ETA-ENERGY DIAGRAM    0    0.000E+00    2.268E-05
      ETA-ENERGY DIAGRAM    1    1.000E+00   -9.448E-07
 
  RELATIVE ENERGY VARIATION       =  9.770E-06         CHECK = TRUE
  RELATIVE OUT OF BALANCE FORCE   =  7.065E-05         CHECK = TRUE
 
  STEP     12 TERMINATED, CONVERGENCE AFTER   2 ITERATIONS
   TOTAL LOAD FACTOR:  LOADING( 1) *   1.200E-02
 
   PLASTICITY LOGGING SUMMARY
   GROUP NAME          PLAST, PRV. PL, CRITIC, PLAST NEW, PRV.PL NEW, CRITIC NEW
   TOTAL MODEL             0        0       0          0           0           0
   CRACKING LOGGING SUMMARY
   GROUP NAME               CRACK,     OPEN,   CLOSED,   ACTIVE,   INACTI,   ARISES, RE-OPENS,   CLOSES
   TOTAL MODEL                  4         4         0         4         0         0         0         0
     CUMULATIVE REACTION:         FORCE X        FORCE Y
                                0.10868D+00     0.00000D+00
  
 
  STEP     13 INITIATED:
   LOAD INCREMENT:  LOADING( 1) *   1.000E-03
      SPARSE: DIM=2 NNZ(MAT)=3
      SOLVE: REDUCTION RES= 0.00E+00 (INIT. RES= 0.77E-01) NI=    1
      ETA-ENERGY DIAGRAM    0    0.000E+00    3.937E-08
      ETA-ENERGY DIAGRAM    1    1.000E+00    2.264E-05
      LINE SEARCH LIMITED TO LOWER BOUND
      ETA-ENERGY DIAGRAM    2    1.000E-01    2.268E-05
      LINE SEARCH CONVERGED ON INTERVAL
 
  STEP     13 : ENERGY NORM       =  1.063E+00         TOLERANCE =  1.000E-04
  STEP     13 : FORCE NORM        =  1.040E+03         TOLERANCE =  1.000E-02
 
  RELATIVE OUT OF BALANCE FORCE   =  4.256E-02         CHECK = FALSE
 
      SPARSE: DIM=2 NNZ(MAT)=3
      SOLVE: REDUCTION RES= 0.00E+00 (INIT. RES= 0.44E+02) NI=    1
      ETA-ENERGY DIAGRAM    0    0.000E+00    1.306E-02
      ETA-ENERGY DIAGRAM    1    1.000E+00   -5.442E-04
 
  RELATIVE ENERGY VARIATION       =  5.888E-03         CHECK = FALSE
  RELATIVE OUT OF BALANCE FORCE   =  1.773E-03         CHECK = TRUE
 
      SPARSE: DIM=2 NNZ(MAT)=3
      SOLVE: REDUCTION RES= 0.00E+00 (INIT. RES= 0.18E+01) NI=    1
      ETA-ENERGY DIAGRAM    0    0.000E+00    2.268E-05
      ETA-ENERGY DIAGRAM    1    1.000E+00   -9.448E-07
 
  RELATIVE ENERGY VARIATION       =  1.022E-05         CHECK = TRUE
  RELATIVE OUT OF BALANCE FORCE   =  7.389E-05         CHECK = TRUE
 
  STEP     13 TERMINATED, CONVERGENCE AFTER   2 ITERATIONS
   TOTAL LOAD FACTOR:  LOADING( 1) *   1.300E-02
 
   PLASTICITY LOGGING SUMMARY
   GROUP NAME          PLAST, PRV. PL, CRITIC, PLAST NEW, PRV.PL NEW, CRITIC NEW
   TOTAL MODEL             0        0       0          0           0           0
   CRACKING LOGGING SUMMARY
   GROUP NAME               CRACK,     OPEN,   CLOSED,   ACTIVE,   INACTI,   ARISES, RE-OPENS,   CLOSES
   TOTAL MODEL                  4         4         0         4         0         0         0         0
     CUMULATIVE REACTION:         FORCE X        FORCE Y
                                0.10868D+00     0.00000D+00
  
 
  STEP     14 INITIATED:
   LOAD INCREMENT:  LOADING( 1) *   1.000E-03
      SPARSE: DIM=2 NNZ(MAT)=3
      SOLVE: REDUCTION RES= 0.00E+00 (INIT. RES= 0.77E-01) NI=    1
      ETA-ENERGY DIAGRAM    0    0.000E+00    3.937E-08
      ETA-ENERGY DIAGRAM    1    1.000E+00    2.264E-05
      LINE SEARCH LIMITED TO LOWER BOUND
      ETA-ENERGY DIAGRAM    2    1.000E-01    2.268E-05
      LINE SEARCH CONVERGED ON INTERVAL
 
  STEP     14 : ENERGY NORM       =  1.016E+00         TOLERANCE =  1.000E-04
  STEP     14 : FORCE NORM        =  9.947E+02         TOLERANCE =  1.000E-02
 
  RELATIVE OUT OF BALANCE FORCE   =  4.450E-02         CHECK = FALSE
 
      SPARSE: DIM=2 NNZ(MAT)=3
      SOLVE: REDUCTION RES= 0.00E+00 (INIT. RES= 0.44E+02) NI=    1
      ETA-ENERGY DIAGRAM    0    0.000E+00    1.306E-02
      ETA-ENERGY DIAGRAM    1    1.000E+00   -5.442E-04
 
  RELATIVE ENERGY VARIATION       =  6.158E-03         CHECK = FALSE
  RELATIVE OUT OF BALANCE FORCE   =  1.854E-03         CHECK = TRUE
 
      SPARSE: DIM=2 NNZ(MAT)=3
      SOLVE: REDUCTION RES= 0.00E+00 (INIT. RES= 0.18E+01) NI=    1
      ETA-ENERGY DIAGRAM    0    0.000E+00    2.268E-05
      ETA-ENERGY DIAGRAM    1    1.000E+00   -9.448E-07
 
  RELATIVE ENERGY VARIATION       =  1.069E-05         CHECK = TRUE
  RELATIVE OUT OF BALANCE FORCE   =  7.725E-05         CHECK = TRUE
 
  STEP     14 TERMINATED, CONVERGENCE AFTER   2 ITERATIONS
   TOTAL LOAD FACTOR:  LOADING( 1) *   1.400E-02
 
   PLASTICITY LOGGING SUMMARY
   GROUP NAME          PLAST, PRV. PL, CRITIC, PLAST NEW, PRV.PL NEW, CRITIC NEW
   TOTAL MODEL             0        0       0          0           0           0
   CRACKING LOGGING SUMMARY
   GROUP NAME               CRACK,     OPEN,   CLOSED,   ACTIVE,   INACTI,   ARISES, RE-OPENS,   CLOSES
   TOTAL MODEL                  4         4         0         4         0         0         0         0
     CUMULATIVE REACTION:         FORCE X        FORCE Y
                                0.10868D+00     0.00000D+00
  
 
  STEP     15 INITIATED:
   LOAD INCREMENT:  LOADING( 1) *   1.000E-03
      SPARSE: DIM=2 NNZ(MAT)=3
      SOLVE: REDUCTION RES= 0.20E-15 (INIT. RES= 0.77E-01) NI=    1
      ETA-ENERGY DIAGRAM    0    0.000E+00    3.937E-08
      ETA-ENERGY DIAGRAM    1    1.000E+00    2.264E-05
      LINE SEARCH LIMITED TO LOWER BOUND
      ETA-ENERGY DIAGRAM    2    1.000E-01    2.268E-05
      LINE SEARCH CONVERGED ON INTERVAL
 
  STEP     15 : ENERGY NORM       =  9.722E-01         TOLERANCE =  1.000E-04
  STEP     15 : FORCE NORM        =  9.518E+02         TOLERANCE =  1.000E-02
 
  RELATIVE OUT OF BALANCE FORCE   =  4.650E-02         CHECK = FALSE
 
      SPARSE: DIM=2 NNZ(MAT)=3
      SOLVE: REDUCTION RES= 0.00E+00 (INIT. RES= 0.44E+02) NI=    1
      ETA-ENERGY DIAGRAM    0    0.000E+00    1.306E-02
      ETA-ENERGY DIAGRAM    1    1.000E+00   -5.442E-04
 
  RELATIVE ENERGY VARIATION       =  6.438E-03         CHECK = FALSE
  RELATIVE OUT OF BALANCE FORCE   =  1.938E-03         CHECK = TRUE
 
      SPARSE: DIM=2 NNZ(MAT)=3
      SOLVE: REDUCTION RES= 0.00E+00 (INIT. RES= 0.18E+01) NI=    1
      ETA-ENERGY DIAGRAM    0    0.000E+00    2.268E-05
      ETA-ENERGY DIAGRAM    1    1.000E+00   -9.448E-07
 
  RELATIVE ENERGY VARIATION       =  1.118E-05         CHECK = TRUE
  RELATIVE OUT OF BALANCE FORCE   =  8.074E-05         CHECK = TRUE
 
  STEP     15 TERMINATED, CONVERGENCE AFTER   2 ITERATIONS
   TOTAL LOAD FACTOR:  LOADING( 1) *   1.500E-02
 
   PLASTICITY LOGGING SUMMARY
   GROUP NAME          PLAST, PRV. PL, CRITIC, PLAST NEW, PRV.PL NEW, CRITIC NEW
   TOTAL MODEL             0        0       0          0           0           0
   CRACKING LOGGING SUMMARY
   GROUP NAME               CRACK,     OPEN,   CLOSED,   ACTIVE,   INACTI,   ARISES, RE-OPENS,   CLOSES
   TOTAL MODEL                  4         4         0         4         0         0         0         0
     CUMULATIVE REACTION:         FORCE X        FORCE Y
                                0.10868D+00     0.00000D+00
  
 
  STEP     16 INITIATED:
   LOAD INCREMENT:  LOADING( 1) *   1.000E-03
      SPARSE: DIM=2 NNZ(MAT)=3
      SOLVE: REDUCTION RES= 0.00E+00 (INIT. RES= 0.77E-01) NI=    1
      ETA-ENERGY DIAGRAM    0    0.000E+00    3.937E-08
      ETA-ENERGY DIAGRAM    1    1.000E+00    2.264E-05
      LINE SEARCH LIMITED TO LOWER BOUND
      ETA-ENERGY DIAGRAM    2    1.000E-01    2.268E-05
      LINE SEARCH CONVERGED ON INTERVAL
 
  STEP     16 : ENERGY NORM       =  9.303E-01         TOLERANCE =  1.000E-04
  STEP     16 : FORCE NORM        =  9.112E+02         TOLERANCE =  1.000E-02
 
  RELATIVE OUT OF BALANCE FORCE   =  4.858E-02         CHECK = FALSE
 
      SPARSE: DIM=2 NNZ(MAT)=3
      SOLVE: REDUCTION RES= 0.00E+00 (INIT. RES= 0.44E+02) NI=    1
      ETA-ENERGY DIAGRAM    0    0.000E+00    1.306E-02
      ETA-ENERGY DIAGRAM    1    1.000E+00   -5.442E-04
 
  RELATIVE ENERGY VARIATION       =  6.728E-03         CHECK = FALSE
  RELATIVE OUT OF BALANCE FORCE   =  2.024E-03         CHECK = TRUE
 
      SPARSE: DIM=2 NNZ(MAT)=3
      SOLVE: REDUCTION RES= 0.00E+00 (INIT. RES= 0.18E+01) NI=    1
      ETA-ENERGY DIAGRAM    0    0.000E+00    2.268E-05
      ETA-ENERGY DIAGRAM    1    1.000E+00   -9.448E-07
 
  RELATIVE ENERGY VARIATION       =  1.168E-05         CHECK = TRUE
  RELATIVE OUT OF BALANCE FORCE   =  8.434E-05         CHECK = TRUE
 
  STEP     16 TERMINATED, CONVERGENCE AFTER   2 ITERATIONS
   TOTAL LOAD FACTOR:  LOADING( 1) *   1.600E-02
 
   PLASTICITY LOGGING SUMMARY
   GROUP NAME          PLAST, PRV. PL, CRITIC, PLAST NEW, PRV.PL NEW, CRITIC NEW
   TOTAL MODEL             0        0       0          0           0           0
   CRACKING LOGGING SUMMARY
   GROUP NAME               CRACK,     OPEN,   CLOSED,   ACTIVE,   INACTI,   ARISES, RE-OPENS,   CLOSES
   TOTAL MODEL                  4         4         0         4         0         0         0         0
     CUMULATIVE REACTION:         FORCE X        FORCE Y
                                0.10868D+00     0.00000D+00
  
 
  STEP     17 INITIATED:
   LOAD INCREMENT:  LOADING( 1) *   1.000E-03
      SPARSE: DIM=2 NNZ(MAT)=3
      SOLVE: REDUCTION RES= 0.00E+00 (INIT. RES= 0.77E-01) NI=    1
      ETA-ENERGY DIAGRAM    0    0.000E+00    3.937E-08
      ETA-ENERGY DIAGRAM    1    1.000E+00    2.264E-05
      LINE SEARCH LIMITED TO LOWER BOUND
      ETA-ENERGY DIAGRAM    2    1.000E-01    2.268E-05
      LINE SEARCH CONVERGED ON INTERVAL
 
  STEP     17 : ENERGY NORM       =  8.906E-01         TOLERANCE =  1.000E-04
  STEP     17 : FORCE NORM        =  8.727E+02         TOLERANCE =  1.000E-02
 
  RELATIVE OUT OF BALANCE FORCE   =  5.072E-02         CHECK = FALSE
 
      SPARSE: DIM=2 NNZ(MAT)=3
      SOLVE: REDUCTION RES= 0.00E+00 (INIT. RES= 0.44E+02) NI=    1
      ETA-ENERGY DIAGRAM    0    0.000E+00    1.306E-02
      ETA-ENERGY DIAGRAM    1    1.000E+00   -5.442E-04
 
  RELATIVE ENERGY VARIATION       =  7.028E-03         CHECK = FALSE
  RELATIVE OUT OF BALANCE FORCE   =  2.113E-03         CHECK = TRUE
 
      SPARSE: DIM=2 NNZ(MAT)=3
      SOLVE: REDUCTION RES= 0.00E+00 (INIT. RES= 0.18E+01) NI=    1
      ETA-ENERGY DIAGRAM    0    0.000E+00    2.268E-05
      ETA-ENERGY DIAGRAM    1    1.000E+00   -9.448E-07
 
  RELATIVE ENERGY VARIATION       =  1.220E-05         CHECK = TRUE
  RELATIVE OUT OF BALANCE FORCE   =  8.806E-05         CHECK = TRUE
 
  STEP     17 TERMINATED, CONVERGENCE AFTER   2 ITERATIONS
   TOTAL LOAD FACTOR:  LOADING( 1) *   1.700E-02
 
   PLASTICITY LOGGING SUMMARY
   GROUP NAME          PLAST, PRV. PL, CRITIC, PLAST NEW, PRV.PL NEW, CRITIC NEW
   TOTAL MODEL             0        0       0          0           0           0
   CRACKING LOGGING SUMMARY
   GROUP NAME               CRACK,     OPEN,   CLOSED,   ACTIVE,   INACTI,   ARISES, RE-OPENS,   CLOSES
   TOTAL MODEL                  4         4         0         4         0         0         0         0
     CUMULATIVE REACTION:         FORCE X        FORCE Y
                                0.10868D+00     0.00000D+00
  
 
  STEP     18 INITIATED:
   LOAD INCREMENT:  LOADING( 1) *   1.000E-03
      SPARSE: DIM=2 NNZ(MAT)=3
      SOLVE: REDUCTION RES= 0.00E+00 (INIT. RES= 0.77E-01) NI=    1
      ETA-ENERGY DIAGRAM    0    0.000E+00    3.937E-08
      ETA-ENERGY DIAGRAM    1    1.000E+00    2.264E-05
      LINE SEARCH LIMITED TO LOWER BOUND
      ETA-ENERGY DIAGRAM    2    1.000E-01    2.268E-05
      LINE SEARCH CONVERGED ON INTERVAL
 
  STEP     18 : ENERGY NORM       =  8.530E-01         TOLERANCE =  1.000E-04
  STEP     18 : FORCE NORM        =  8.363E+02         TOLERANCE =  1.000E-02
 
  RELATIVE OUT OF BALANCE FORCE   =  5.293E-02         CHECK = FALSE
 
      SPARSE: DIM=2 NNZ(MAT)=3
      SOLVE: REDUCTION RES= 0.00E+00 (INIT. RES= 0.44E+02) NI=    1
      ETA-ENERGY DIAGRAM    0    0.000E+00    1.306E-02
      ETA-ENERGY DIAGRAM    1    1.000E+00   -5.442E-04
 
  RELATIVE ENERGY VARIATION       =  7.337E-03         CHECK = FALSE
  RELATIVE OUT OF BALANCE FORCE   =  2.205E-03         CHECK = TRUE
 
      SPARSE: DIM=2 NNZ(MAT)=3
      SOLVE: REDUCTION RES= 0.00E+00 (INIT. RES= 0.18E+01) NI=    1
      ETA-ENERGY DIAGRAM    0    0.000E+00    2.268E-05
      ETA-ENERGY DIAGRAM    1    1.000E+00   -9.448E-07
 
  RELATIVE ENERGY VARIATION       =  1.274E-05         CHECK = TRUE
  RELATIVE OUT OF BALANCE FORCE   =  9.189E-05         CHECK = TRUE
 
  STEP     18 TERMINATED, CONVERGENCE AFTER   2 ITERATIONS
   TOTAL LOAD FACTOR:  LOADING( 1) *   1.800E-02
 
   PLASTICITY LOGGING SUMMARY
   GROUP NAME          PLAST, PRV. PL, CRITIC, PLAST NEW, PRV.PL NEW, CRITIC NEW
   TOTAL MODEL             0        0       0          0           0           0
   CRACKING LOGGING SUMMARY
   GROUP NAME               CRACK,     OPEN,   CLOSED,   ACTIVE,   INACTI,   ARISES, RE-OPENS,   CLOSES
   TOTAL MODEL                  4         4         0         4         0         0         0         0
     CUMULATIVE REACTION:         FORCE X        FORCE Y
                                0.10868D+00     0.00000D+00
  
 
  STEP     19 INITIATED:
   LOAD INCREMENT:  LOADING( 1) *   1.000E-03
      SPARSE: DIM=2 NNZ(MAT)=3
      SOLVE: REDUCTION RES= 0.00E+00 (INIT. RES= 0.77E-01) NI=    1
      ETA-ENERGY DIAGRAM    0    0.000E+00    3.937E-08
      ETA-ENERGY DIAGRAM    1    1.000E+00    2.264E-05
      LINE SEARCH LIMITED TO LOWER BOUND
      ETA-ENERGY DIAGRAM    2    1.000E-01    2.268E-05
      LINE SEARCH CONVERGED ON INTERVAL
 
  STEP     19 : ENERGY NORM       =  8.174E-01         TOLERANCE =  1.000E-04
  STEP     19 : FORCE NORM        =  8.019E+02         TOLERANCE =  1.000E-02
 
  RELATIVE OUT OF BALANCE FORCE   =  5.520E-02         CHECK = FALSE
 
      SPARSE: DIM=2 NNZ(MAT)=3
      SOLVE: REDUCTION RES= 0.00E+00 (INIT. RES= 0.44E+02) NI=    1
      ETA-ENERGY DIAGRAM    0    0.000E+00    1.306E-02
      ETA-ENERGY DIAGRAM    1    1.000E+00   -5.442E-04
 
  RELATIVE ENERGY VARIATION       =  7.656E-03         CHECK = FALSE
  RELATIVE OUT OF BALANCE FORCE   =  2.300E-03         CHECK = TRUE
 
      SPARSE: DIM=2 NNZ(MAT)=3
      SOLVE: REDUCTION RES= 0.00E+00 (INIT. RES= 0.18E+01) NI=    1
      ETA-ENERGY DIAGRAM    0    0.000E+00    2.268E-05
      ETA-ENERGY DIAGRAM    1    1.000E+00   -9.448E-07
 
  RELATIVE ENERGY VARIATION       =  1.329E-05         CHECK = TRUE
  RELATIVE OUT OF BALANCE FORCE   =  9.583E-05         CHECK = TRUE
 
  STEP     19 TERMINATED, CONVERGENCE AFTER   2 ITERATIONS
   TOTAL LOAD FACTOR:  LOADING( 1) *   1.900E-02
 
   PLASTICITY LOGGING SUMMARY
   GROUP NAME          PLAST, PRV. PL, CRITIC, PLAST NEW, PRV.PL NEW, CRITIC NEW
   TOTAL MODEL             0        0       0          0           0           0
   CRACKING LOGGING SUMMARY
   GROUP NAME               CRACK,     OPEN,   CLOSED,   ACTIVE,   INACTI,   ARISES, RE-OPENS,   CLOSES
   TOTAL MODEL                  4         4         0         4         0         0         0         0
     CUMULATIVE REACTION:         FORCE X        FORCE Y
                                0.10868D+00     0.00000D+00
  
 
  STEP     20 INITIATED:
   LOAD INCREMENT:  LOADING( 1) *   1.000E-03
      SPARSE: DIM=2 NNZ(MAT)=3
      SOLVE: REDUCTION RES= 0.20E-15 (INIT. RES= 0.77E-01) NI=    1
      ETA-ENERGY DIAGRAM    0    0.000E+00    3.937E-08
      ETA-ENERGY DIAGRAM    1    1.000E+00    2.264E-05
      LINE SEARCH LIMITED TO LOWER BOUND
      ETA-ENERGY DIAGRAM    2    1.000E-01    2.268E-05
      LINE SEARCH CONVERGED ON INTERVAL
 
  STEP     20 : ENERGY NORM       =  7.838E-01         TOLERANCE =  1.000E-04
  STEP     20 : FORCE NORM        =  7.693E+02         TOLERANCE =  1.000E-02
 
  RELATIVE OUT OF BALANCE FORCE   =  5.753E-02         CHECK = FALSE
 
      SPARSE: DIM=2 NNZ(MAT)=3
      SOLVE: REDUCTION RES= 0.00E+00 (INIT. RES= 0.44E+02) NI=    1
      ETA-ENERGY DIAGRAM    0    0.000E+00    1.306E-02
      ETA-ENERGY DIAGRAM    1    1.000E+00   -5.442E-04
 
  RELATIVE ENERGY VARIATION       =  7.985E-03         CHECK = FALSE
  RELATIVE OUT OF BALANCE FORCE   =  2.397E-03         CHECK = TRUE
 
      SPARSE: DIM=2 NNZ(MAT)=3
      SOLVE: REDUCTION RES= 0.00E+00 (INIT. RES= 0.18E+01) NI=    1
      ETA-ENERGY DIAGRAM    0    0.000E+00    2.268E-05
      ETA-ENERGY DIAGRAM    1    1.000E+00   -9.448E-07
 
  RELATIVE ENERGY VARIATION       =  1.386E-05         CHECK = TRUE
  RELATIVE OUT OF BALANCE FORCE   =  9.988E-05         CHECK = TRUE
 
  STEP     20 TERMINATED, CONVERGENCE AFTER   2 ITERATIONS
   TOTAL LOAD FACTOR:  LOADING( 1) *   2.000E-02
 
   PLASTICITY LOGGING SUMMARY
   GROUP NAME          PLAST, PRV. PL, CRITIC, PLAST NEW, PRV.PL NEW, CRITIC NEW
   TOTAL MODEL             0        0       0          0           0           0
   CRACKING LOGGING SUMMARY
   GROUP NAME               CRACK,     OPEN,   CLOSED,   ACTIVE,   INACTI,   ARISES, RE-OPENS,   CLOSES
   TOTAL MODEL                  4         4         0         4         0         0         0         0
     CUMULATIVE REACTION:         FORCE X        FORCE Y
                                0.10868D+00     0.00000D+00
  
  STEP      20: SAVED ON shear_linear20.ff
 /DIANA/AP/PH40    17:08:57      0.00-CPU     0.06-IO       20-FA   BEGIN 
 PHASE 2 INITIALIZED
 /DIANA/AP/PH40    17:08:57      0.00-CPU     0.08-IO       27-FA   PHASE
 /DIANA/AP/NL41    17:08:57      0.00-CPU     0.09-IO       20-FA   BEGIN 
     ELEM. STIFFNESS STORED.
     RHS-VECTORS INITIALIZED: ML=     2 ND=       8 SF.RHSIDE
     EXTER. LOAD INITIALIZED: ML=     2 ND=       8 SF.EXTLOD
     CONST.DISP. INITIALIZED: ML=     2 ND=       8 SF.DISCON
     INC. INITIAL STRAIN/STRESS LOAD ADDED TO RHS-VECT: NV=     2 SF.RHSIDE
     DEFORM. TO CONSTRAINTS : NV=     2 ND=     4 SF.DISCON
     NODAL DISPLACEMENTS TO CONSTRAINTS : NV=     2 NO=     4 SF.DISCON
     CONSTRAINTS TO RHS-VECT: NV=     2 SF.RHSIDE
  
     SUM OF EXT.LOAD TO CALC: ML=     2 ND=       8 SF.EXTLOD
  
 SUM OF EXTERNAL LOADS:
 ======================
 LOADSET POSITION  TR  X       TR  Y       TR  Z       RO  X       RO  Y       RO  Z
       1           0.0000E+00  0.0000E+00  0.0000E+00  0.0000E+00  0.0000E+00  0.0000E+00
       2           0.0000E+00  0.0000E+00  0.0000E+00  0.0000E+00  0.0000E+00  0.0000E+00
  ANALYSIS INCLUDES:
 
    PHYSICALLY NONLINEAR BEHAVIOR:
      TOTAL STRAIN-BASED CRACK MODEL 
 
  STEP      20: RESTORED FROM shear_linear20.ff
 
  STEP     21 INITIATED:
   LOAD INCREMENT:  LOADING( 2) *   1.000E-03
      SPARSE: DIM=2 NNZ(MAT)=3
      SOLVE: REDUCTION RES= 0.00E+00 (INIT. RES= 0.54E+02) NI=    1
      ETA-ENERGY DIAGRAM    0    0.000E+00    1.932E-02
      ETA-ENERGY DIAGRAM    1    1.000E+00   -1.701E-02
      ETA-ENERGY DIAGRAM    2    5.318E-01   -7.739E-03
 
  STEP     21 : ENERGY NORM       =  7.552E-01         TOLERANCE =  1.000E-04
  STEP     21 : FORCE NORM        =  7.377E+02         TOLERANCE =  1.000E-02
 
  RELATIVE OUT OF BALANCE FORCE   =  3.492E-02         CHECK = FALSE
 
      SPARSE: DIM=2 NNZ(MAT)=3
      SOLVE: REDUCTION RES= 0.00E+00 (INIT. RES= 0.26E+02) NI=    1
      ETA-ENERGY DIAGRAM    0    0.000E+00    4.862E-03
      ETA-ENERGY DIAGRAM    1    1.000E+00    1.266E-03
 
  RELATIVE ENERGY VARIATION       =  4.057E-03         CHECK = FALSE
  RELATIVE OUT OF BALANCE FORCE   =  1.285E-02         CHECK = FALSE
 
      SPARSE: DIM=2 NNZ(MAT)=3
      SOLVE: REDUCTION RES= 0.00E+00 (INIT. RES= 0.95E+01) NI=    1
      ETA-ENERGY DIAGRAM    0    0.000E+00    7.175E-04
      ETA-ENERGY DIAGRAM    1    1.000E+00    3.745E-04
 
  RELATIVE ENERGY VARIATION       =  7.230E-04         CHECK = FALSE
  RELATIVE OUT OF BALANCE FORCE   =  6.721E-03         CHECK = TRUE
 
      SPARSE: DIM=2 NNZ(MAT)=3
      SOLVE: REDUCTION RES= 0.00E+00 (INIT. RES= 0.50E+01) NI=    1
      ETA-ENERGY DIAGRAM    0    0.000E+00    1.967E-04
      ETA-ENERGY DIAGRAM    1    1.000E+00    1.032E-04
 
  RELATIVE ENERGY VARIATION       =  1.985E-04         CHECK = FALSE
  RELATIVE OUT OF BALANCE FORCE   =  3.527E-03         CHECK = TRUE
 
      SPARSE: DIM=2 NNZ(MAT)=3
      SOLVE: REDUCTION RES= 0.19E-15 (INIT. RES= 0.26E+01) NI=    1
      ETA-ENERGY DIAGRAM    0    0.000E+00    5.417E-05
      ETA-ENERGY DIAGRAM    1    1.000E+00    2.843E-05
 
  RELATIVE ENERGY VARIATION       =  5.469E-05         CHECK = TRUE
  RELATIVE OUT OF BALANCE FORCE   =  1.851E-03         CHECK = TRUE
 
  STEP     21 TERMINATED, CONVERGENCE AFTER   4 ITERATIONS
   TOTAL LOAD FACTOR:  LOADING( 2) *   1.000E-03
 
   PLASTICITY LOGGING SUMMARY
   GROUP NAME          PLAST, PRV. PL, CRITIC, PLAST NEW, PRV.PL NEW, CRITIC NEW
   TOTAL MODEL             0        0       0          0           0           0
   CRACKING LOGGING SUMMARY
   GROUP NAME               CRACK,     OPEN,   CLOSED,   ACTIVE,   INACTI,   ARISES, RE-OPENS,   CLOSES
   TOTAL MODEL                  4         4         0         4         0         0         0         0
     CUMULATIVE REACTION:         FORCE X        FORCE Y
                               -0.24784D-01     0.11369D-12
  
      TABULA file Gknt.tb opened
      TABULA file Sknt.tb opened
      TABULA file SXY.tb opened
      TABULA file GXY.tb opened
      TABULA file Eknn.tb opened
 
  STEP     22 INITIATED:
   LOAD INCREMENT:  LOADING( 2) *   1.000E-03
      SPARSE: DIM=2 NNZ(MAT)=3
      SOLVE: REDUCTION RES= 0.00E+00 (INIT. RES= 0.53E+02) NI=    1
      ETA-ENERGY DIAGRAM    0    0.000E+00    1.905E-02
      ETA-ENERGY DIAGRAM    1    1.000E+00   -1.651E-02
      ETA-ENERGY DIAGRAM    2    5.357E-01   -7.349E-03
 
  STEP     22 : ENERGY NORM       =  7.283E-01         TOLERANCE =  1.000E-04
  STEP     22 : FORCE NORM        =  7.088E+02         TOLERANCE =  1.000E-02
 
  RELATIVE OUT OF BALANCE FORCE   =  3.758E-02         CHECK = FALSE
 
      SPARSE: DIM=2 NNZ(MAT)=3
      SOLVE: REDUCTION RES= 0.00E+00 (INIT. RES= 0.27E+02) NI=    1
      ETA-ENERGY DIAGRAM    0    0.000E+00    5.236E-03
      ETA-ENERGY DIAGRAM    1    1.000E+00    1.452E-03
 
  RELATIVE ENERGY VARIATION       =  4.591E-03         CHECK = FALSE
  RELATIVE OUT OF BALANCE FORCE   =  1.430E-02         CHECK = FALSE
 
      SPARSE: DIM=2 NNZ(MAT)=3
      SOLVE: REDUCTION RES= 0.00E+00 (INIT. RES= 0.10E+02) NI=    1
      ETA-ENERGY DIAGRAM    0    0.000E+00    8.206E-04
      ETA-ENERGY DIAGRAM    1    1.000E+00    4.328E-04
 
  RELATIVE ENERGY VARIATION       =  8.605E-04         CHECK = FALSE
  RELATIVE OUT OF BALANCE FORCE   =  7.555E-03         CHECK = TRUE
 
      SPARSE: DIM=2 NNZ(MAT)=3
      SOLVE: REDUCTION RES= 0.00E+00 (INIT. RES= 0.54E+01) NI=    1
      ETA-ENERGY DIAGRAM    0    0.000E+00    2.295E-04
      ETA-ENERGY DIAGRAM    1    1.000E+00    1.216E-04
 
  RELATIVE ENERGY VARIATION       =  2.410E-04         CHECK = FALSE
  RELATIVE OUT OF BALANCE FORCE   =  4.003E-03         CHECK = TRUE
 
      SPARSE: DIM=2 NNZ(MAT)=3
      SOLVE: REDUCTION RES= 0.78E-16 (INIT. RES= 0.28E+01) NI=    1
      ETA-ENERGY DIAGRAM    0    0.000E+00    6.441E-05
      ETA-ENERGY DIAGRAM    1    1.000E+00    3.413E-05
 
  RELATIVE ENERGY VARIATION       =  6.764E-05         CHECK = TRUE
  RELATIVE OUT OF BALANCE FORCE   =  2.121E-03         CHECK = TRUE
 
  STEP     22 TERMINATED, CONVERGENCE AFTER   4 ITERATIONS
   TOTAL LOAD FACTOR:  LOADING( 2) *   2.000E-03
 
   PLASTICITY LOGGING SUMMARY
   GROUP NAME          PLAST, PRV. PL, CRITIC, PLAST NEW, PRV.PL NEW, CRITIC NEW
   TOTAL MODEL             0        0       0          0           0           0
   CRACKING LOGGING SUMMARY
   GROUP NAME               CRACK,     OPEN,   CLOSED,   ACTIVE,   INACTI,   ARISES, RE-OPENS,   CLOSES
   TOTAL MODEL                  4         4         0         4         0         0         0         0
     CUMULATIVE REACTION:         FORCE X        FORCE Y
                               -0.54084D-01     0.56843D-13
  
 
  STEP     23 INITIATED:
   LOAD INCREMENT:  LOADING( 2) *   1.000E-03
      SPARSE: DIM=2 NNZ(MAT)=3
      SOLVE: REDUCTION RES= 0.00E+00 (INIT. RES= 0.53E+02) NI=    1
      ETA-ENERGY DIAGRAM    0    0.000E+00    1.896E-02
      ETA-ENERGY DIAGRAM    1    1.000E+00   -1.616E-02
      ETA-ENERGY DIAGRAM    2    5.398E-01   -7.089E-03
 
  STEP     23 : ENERGY NORM       =  7.022E-01         TOLERANCE =  1.000E-04
  STEP     23 : FORCE NORM        =  6.814E+02         TOLERANCE =  1.000E-02
 
  RELATIVE OUT OF BALANCE FORCE   =  3.940E-02         CHECK = FALSE
 
      SPARSE: DIM=2 NNZ(MAT)=3
      SOLVE: REDUCTION RES= 0.00E+00 (INIT. RES= 0.27E+02) NI=    1
      ETA-ENERGY DIAGRAM    0    0.000E+00    5.329E-03
      ETA-ENERGY DIAGRAM    1    1.000E+00    1.482E-03
 
  RELATIVE ENERGY VARIATION       =  4.850E-03         CHECK = FALSE
  RELATIVE OUT OF BALANCE FORCE   =  1.507E-02         CHECK = FALSE
 
      SPARSE: DIM=2 NNZ(MAT)=3
      SOLVE: REDUCTION RES= 0.00E+00 (INIT. RES= 0.10E+02) NI=    1
      ETA-ENERGY DIAGRAM    0    0.000E+00    8.419E-04
      ETA-ENERGY DIAGRAM    1    1.000E+00    4.479E-04
 
  RELATIVE ENERGY VARIATION       =  9.184E-04         CHECK = FALSE
  RELATIVE OUT OF BALANCE FORCE   =  8.029E-03         CHECK = TRUE
 
      SPARSE: DIM=2 NNZ(MAT)=3
      SOLVE: REDUCTION RES= 0.81E-16 (INIT. RES= 0.55E+01) NI=    1
      ETA-ENERGY DIAGRAM    0    0.000E+00    2.396E-04
      ETA-ENERGY DIAGRAM    1    1.000E+00    1.280E-04
 
  RELATIVE ENERGY VARIATION       =  2.617E-04         CHECK = FALSE
  RELATIVE OUT OF BALANCE FORCE   =  4.290E-03         CHECK = TRUE
 
      SPARSE: DIM=2 NNZ(MAT)=3
      SOLVE: REDUCTION RES= 0.00E+00 (INIT. RES= 0.29E+01) NI=    1
      ETA-ENERGY DIAGRAM    0    0.000E+00    6.839E-05
      ETA-ENERGY DIAGRAM    1    1.000E+00    3.655E-05
 
  RELATIVE ENERGY VARIATION       =  7.472E-05         CHECK = TRUE
  RELATIVE OUT OF BALANCE FORCE   =  2.293E-03         CHECK = TRUE
 
  STEP     23 TERMINATED, CONVERGENCE AFTER   4 ITERATIONS
   TOTAL LOAD FACTOR:  LOADING( 2) *   3.000E-03
 
   PLASTICITY LOGGING SUMMARY
   GROUP NAME          PLAST, PRV. PL, CRITIC, PLAST NEW, PRV.PL NEW, CRITIC NEW
   TOTAL MODEL             0        0       0          0           0           0
   CRACKING LOGGING SUMMARY
   GROUP NAME               CRACK,     OPEN,   CLOSED,   ACTIVE,   INACTI,   ARISES, RE-OPENS,   CLOSES
   TOTAL MODEL                  4         4         0         4         0         0         0         0
     CUMULATIVE REACTION:         FORCE X        FORCE Y
                               -0.82269D-01     0.00000D+00
  
 
  STEP     24 INITIATED:
   LOAD INCREMENT:  LOADING( 2) *   1.000E-03
      SPARSE: DIM=2 NNZ(MAT)=3
      SOLVE: REDUCTION RES= 0.00E+00 (INIT. RES= 0.53E+02) NI=    1
      ETA-ENERGY DIAGRAM    0    0.000E+00    1.893E-02
      ETA-ENERGY DIAGRAM    1    1.000E+00   -1.585E-02
      ETA-ENERGY DIAGRAM    2    5.443E-01   -6.864E-03
 
  STEP     24 : ENERGY NORM       =  6.772E-01         TOLERANCE =  1.000E-04
  STEP     24 : FORCE NORM        =  6.555E+02         TOLERANCE =  1.000E-02
 
  RELATIVE OUT OF BALANCE FORCE   =  4.119E-02         CHECK = FALSE
 
      SPARSE: DIM=2 NNZ(MAT)=3
      SOLVE: REDUCTION RES= 0.00E+00 (INIT. RES= 0.27E+02) NI=    1
      ETA-ENERGY DIAGRAM    0    0.000E+00    5.397E-03
      ETA-ENERGY DIAGRAM    1    1.000E+00    1.491E-03
 
  RELATIVE ENERGY VARIATION       =  5.086E-03         CHECK = FALSE
  RELATIVE OUT OF BALANCE FORCE   =  1.575E-02         CHECK = FALSE
 
      SPARSE: DIM=2 NNZ(MAT)=3
      SOLVE: REDUCTION RES= 0.00E+00 (INIT. RES= 0.10E+02) NI=    1
      ETA-ENERGY DIAGRAM    0    0.000E+00    8.520E-04
      ETA-ENERGY DIAGRAM    1    1.000E+00    4.568E-04
 
  RELATIVE ENERGY VARIATION       =  9.664E-04         CHECK = FALSE
  RELATIVE OUT OF BALANCE FORCE   =  8.461E-03         CHECK = TRUE
 
      SPARSE: DIM=2 NNZ(MAT)=3
      SOLVE: REDUCTION RES= 0.00E+00 (INIT. RES= 0.55E+01) NI=    1
      ETA-ENERGY DIAGRAM    0    0.000E+00    2.463E-04
      ETA-ENERGY DIAGRAM    1    1.000E+00    1.326E-04
 
  RELATIVE ENERGY VARIATION       =  2.797E-04         CHECK = FALSE
  RELATIVE OUT OF BALANCE FORCE   =  4.556E-03         CHECK = TRUE
 
      SPARSE: DIM=2 NNZ(MAT)=3
      SOLVE: REDUCTION RES= 0.00E+00 (INIT. RES= 0.30E+01) NI=    1
      ETA-ENERGY DIAGRAM    0    0.000E+00    7.139E-05
      ETA-ENERGY DIAGRAM    1    1.000E+00    3.845E-05
 
  RELATIVE ENERGY VARIATION       =  8.111E-05         CHECK = TRUE
  RELATIVE OUT OF BALANCE FORCE   =  2.453E-03         CHECK = TRUE
 
  STEP     24 TERMINATED, CONVERGENCE AFTER   4 ITERATIONS
   TOTAL LOAD FACTOR:  LOADING( 2) *   4.000E-03
 
   PLASTICITY LOGGING SUMMARY
   GROUP NAME          PLAST, PRV. PL, CRITIC, PLAST NEW, PRV.PL NEW, CRITIC NEW
   TOTAL MODEL             0        0       0          0           0           0
   CRACKING LOGGING SUMMARY
   GROUP NAME               CRACK,     OPEN,   CLOSED,   ACTIVE,   INACTI,   ARISES, RE-OPENS,   CLOSES
   TOTAL MODEL                  4         4         0         4         0         0         0         0
     CUMULATIVE REACTION:         FORCE X        FORCE Y
                               -0.10976D+00     0.00000D+00
  
 
  STEP     25 INITIATED:
   LOAD INCREMENT:  LOADING( 2) *   1.000E-03
      SPARSE: DIM=2 NNZ(MAT)=3
      SOLVE: REDUCTION RES= 0.00E+00 (INIT. RES= 0.53E+02) NI=    1
      ETA-ENERGY DIAGRAM    0    0.000E+00    1.895E-02
      ETA-ENERGY DIAGRAM    1    1.000E+00   -1.556E-02
      ETA-ENERGY DIAGRAM    2    5.491E-01   -6.665E-03
 
  STEP     25 : ENERGY NORM       =  6.532E-01         TOLERANCE =  1.000E-04
  STEP     25 : FORCE NORM        =  6.311E+02         TOLERANCE =  1.000E-02
 
  RELATIVE OUT OF BALANCE FORCE   =  4.300E-02         CHECK = FALSE
 
      SPARSE: DIM=2 NNZ(MAT)=3
      SOLVE: REDUCTION RES= 0.00E+00 (INIT. RES= 0.27E+02) NI=    1
      ETA-ENERGY DIAGRAM    0    0.000E+00    5.454E-03
      ETA-ENERGY DIAGRAM    1    1.000E+00    1.489E-03
 
  RELATIVE ENERGY VARIATION       =  5.315E-03         CHECK = FALSE
  RELATIVE OUT OF BALANCE FORCE   =  1.640E-02         CHECK = FALSE
 
      SPARSE: DIM=2 NNZ(MAT)=3
      SOLVE: REDUCTION RES= 0.00E+00 (INIT. RES= 0.10E+02) NI=    1
      ETA-ENERGY DIAGRAM    0    0.000E+00    8.559E-04
      ETA-ENERGY DIAGRAM    1    1.000E+00    4.622E-04
 
  RELATIVE ENERGY VARIATION       =  1.009E-03         CHECK = FALSE
  RELATIVE OUT OF BALANCE FORCE   =  8.871E-03         CHECK = TRUE
 
      SPARSE: DIM=2 NNZ(MAT)=3
      SOLVE: REDUCTION RES= 0.79E-16 (INIT. RES= 0.56E+01) NI=    1
      ETA-ENERGY DIAGRAM    0    0.000E+00    2.510E-04
      ETA-ENERGY DIAGRAM    1    1.000E+00    1.361E-04
 
  RELATIVE ENERGY VARIATION       =  2.963E-04         CHECK = FALSE
  RELATIVE OUT OF BALANCE FORCE   =  4.810E-03         CHECK = TRUE
 
      SPARSE: DIM=2 NNZ(MAT)=3
      SOLVE: REDUCTION RES= 0.00E+00 (INIT. RES= 0.30E+01) NI=    1
      ETA-ENERGY DIAGRAM    0    0.000E+00    7.378E-05
      ETA-ENERGY DIAGRAM    1    1.000E+00    4.001E-05
 
  RELATIVE ENERGY VARIATION       =  8.711E-05         CHECK = TRUE
  RELATIVE OUT OF BALANCE FORCE   =  2.609E-03         CHECK = TRUE
 
  STEP     25 TERMINATED, CONVERGENCE AFTER   4 ITERATIONS
   TOTAL LOAD FACTOR:  LOADING( 2) *   5.000E-03
 
   PLASTICITY LOGGING SUMMARY
   GROUP NAME          PLAST, PRV. PL, CRITIC, PLAST NEW, PRV.PL NEW, CRITIC NEW
   TOTAL MODEL             0        0       0          0           0           0
   CRACKING LOGGING SUMMARY
   GROUP NAME               CRACK,     OPEN,   CLOSED,   ACTIVE,   INACTI,   ARISES, RE-OPENS,   CLOSES
   TOTAL MODEL                  4         4         0         4         0         0         0         0
     CUMULATIVE REACTION:         FORCE X        FORCE Y
                               -0.13631D+00    -0.56843D-13
  
 
  STEP     26 INITIATED:
   LOAD INCREMENT:  LOADING( 2) *   1.000E-03
      SPARSE: DIM=2 NNZ(MAT)=3
      SOLVE: REDUCTION RES= 0.00E+00 (INIT. RES= 0.53E+02) NI=    1
      ETA-ENERGY DIAGRAM    0    0.000E+00    1.901E-02
      ETA-ENERGY DIAGRAM    1    1.000E+00   -1.530E-02
      ETA-ENERGY DIAGRAM    2    5.542E-01   -6.492E-03
 
  STEP     26 : ENERGY NORM       =  6.303E-01         TOLERANCE =  1.000E-04
  STEP     26 : FORCE NORM        =  6.079E+02         TOLERANCE =  1.000E-02
 
  RELATIVE OUT OF BALANCE FORCE   =  4.484E-02         CHECK = FALSE
 
      SPARSE: DIM=2 NNZ(MAT)=3
      SOLVE: REDUCTION RES= 0.00E+00 (INIT. RES= 0.27E+02) NI=    1
      ETA-ENERGY DIAGRAM    0    0.000E+00    5.504E-03
      ETA-ENERGY DIAGRAM    1    1.000E+00    1.479E-03
 
  RELATIVE ENERGY VARIATION       =  5.539E-03         CHECK = FALSE
  RELATIVE OUT OF BALANCE FORCE   =  1.702E-02         CHECK = FALSE
 
      SPARSE: DIM=2 NNZ(MAT)=3
      SOLVE: REDUCTION RES= 0.00E+00 (INIT. RES= 0.10E+02) NI=    1
      ETA-ENERGY DIAGRAM    0    0.000E+00    8.549E-04
      ETA-ENERGY DIAGRAM    1    1.000E+00    4.646E-04
 
  RELATIVE ENERGY VARIATION       =  1.047E-03         CHECK = FALSE
  RELATIVE OUT OF BALANCE FORCE   =  9.260E-03         CHECK = TRUE
 
      SPARSE: DIM=2 NNZ(MAT)=3
      SOLVE: REDUCTION RES= 0.00E+00 (INIT. RES= 0.56E+01) NI=    1
      ETA-ENERGY DIAGRAM    0    0.000E+00    2.539E-04
      ETA-ENERGY DIAGRAM    1    1.000E+00    1.386E-04
 
  RELATIVE ENERGY VARIATION       =  3.113E-04         CHECK = FALSE
  RELATIVE OUT OF BALANCE FORCE   =  5.054E-03         CHECK = TRUE
 
      SPARSE: DIM=2 NNZ(MAT)=3
      SOLVE: REDUCTION RES= 0.00E+00 (INIT. RES= 0.31E+01) NI=    1
      ETA-ENERGY DIAGRAM    0    0.000E+00    7.561E-05
      ETA-ENERGY DIAGRAM    1    1.000E+00    4.127E-05
 
  RELATIVE ENERGY VARIATION       =  9.272E-05         CHECK = TRUE
  RELATIVE OUT OF BALANCE FORCE   =  2.758E-03         CHECK = TRUE
 
  STEP     26 TERMINATED, CONVERGENCE AFTER   4 ITERATIONS
   TOTAL LOAD FACTOR:  LOADING( 2) *   6.000E-03
 
   PLASTICITY LOGGING SUMMARY
   GROUP NAME          PLAST, PRV. PL, CRITIC, PLAST NEW, PRV.PL NEW, CRITIC NEW
   TOTAL MODEL             0        0       0          0           0           0
   CRACKING LOGGING SUMMARY
   GROUP NAME               CRACK,     OPEN,   CLOSED,   ACTIVE,   INACTI,   ARISES, RE-OPENS,   CLOSES
   TOTAL MODEL                  4         4         0         4         0         0         0         0
     CUMULATIVE REACTION:         FORCE X        FORCE Y
                               -0.16169D+00     0.00000D+00
  
 
  STEP     27 INITIATED:
   LOAD INCREMENT:  LOADING( 2) *   1.000E-03
      SPARSE: DIM=2 NNZ(MAT)=3
      SOLVE: REDUCTION RES= 0.00E+00 (INIT. RES= 0.54E+02) NI=    1
      ETA-ENERGY DIAGRAM    0    0.000E+00    1.911E-02
      ETA-ENERGY DIAGRAM    1    1.000E+00   -1.506E-02
 
  STEP     27 : ENERGY NORM       =  6.094E-01         TOLERANCE =  1.000E-04
  STEP     27 : FORCE NORM        =  5.881E+02         TOLERANCE =  1.000E-02
 
  RELATIVE OUT OF BALANCE FORCE   =  8.121E-02         CHECK = FALSE
 
      SPARSE: DIM=2 NNZ(MAT)=3
      SOLVE: REDUCTION RES= 0.00E+00 (INIT. RES= 0.48E+02) NI=    1
      ETA-ENERGY DIAGRAM    0    0.000E+00    1.580E-02
      ETA-ENERGY DIAGRAM    1    1.000E+00    8.785E-04
 
  RELATIVE ENERGY VARIATION       =  1.368E-02         CHECK = FALSE
  RELATIVE OUT OF BALANCE FORCE   =  1.672E-02         CHECK = FALSE
 
      SPARSE: DIM=2 NNZ(MAT)=3
      SOLVE: REDUCTION RES= 0.00E+00 (INIT. RES= 0.98E+01) NI=    1
      ETA-ENERGY DIAGRAM    0    0.000E+00    7.671E-04
      ETA-ENERGY DIAGRAM    1    1.000E+00    4.095E-04
 
  RELATIVE ENERGY VARIATION       =  9.653E-04         CHECK = FALSE
  RELATIVE OUT OF BALANCE FORCE   =  9.031E-03         CHECK = TRUE
 
      SPARSE: DIM=2 NNZ(MAT)=3
      SOLVE: REDUCTION RES= 0.00E+00 (INIT. RES= 0.53E+01) NI=    1
      ETA-ENERGY DIAGRAM    0    0.000E+00    2.261E-04
      ETA-ENERGY DIAGRAM    1    1.000E+00    1.241E-04
 
  RELATIVE ENERGY VARIATION       =  2.873E-04         CHECK = FALSE
  RELATIVE OUT OF BALANCE FORCE   =  4.957E-03         CHECK = TRUE
 
      SPARSE: DIM=2 NNZ(MAT)=3
      SOLVE: REDUCTION RES= 0.00E+00 (INIT. RES= 0.29E+01) NI=    1
      ETA-ENERGY DIAGRAM    0    0.000E+00    6.809E-05
      ETA-ENERGY DIAGRAM    1    1.000E+00    3.738E-05
 
  RELATIVE ENERGY VARIATION       =  8.653E-05         CHECK = TRUE
  RELATIVE OUT OF BALANCE FORCE   =  2.721E-03         CHECK = TRUE
 
  STEP     27 TERMINATED, CONVERGENCE AFTER   4 ITERATIONS
   TOTAL LOAD FACTOR:  LOADING( 2) *   7.000E-03
 
   PLASTICITY LOGGING SUMMARY
   GROUP NAME          PLAST, PRV. PL, CRITIC, PLAST NEW, PRV.PL NEW, CRITIC NEW
   TOTAL MODEL             0        0       0          0           0           0
   CRACKING LOGGING SUMMARY
   GROUP NAME               CRACK,     OPEN,   CLOSED,   ACTIVE,   INACTI,   ARISES, RE-OPENS,   CLOSES
   TOTAL MODEL                  4         4         0         4         0         0         0         0
     CUMULATIVE REACTION:         FORCE X        FORCE Y
                               -0.17471D+00    -0.56843D-13
  
 
  STEP     28 INITIATED:
   LOAD INCREMENT:  LOADING( 2) *   1.000E-03
      SPARSE: DIM=2 NNZ(MAT)=3
      SOLVE: REDUCTION RES= 0.00E+00 (INIT. RES= 0.54E+02) NI=    1
      ETA-ENERGY DIAGRAM    0    0.000E+00    1.923E-02
      ETA-ENERGY DIAGRAM    1    1.000E+00   -1.486E-02
 
  STEP     28 : ENERGY NORM       =  5.886E-01         TOLERANCE =  1.000E-04
  STEP     28 : FORCE NORM        =  5.675E+02         TOLERANCE =  1.000E-02
 
  RELATIVE OUT OF BALANCE FORCE   =  8.380E-02         CHECK = FALSE
 
      SPARSE: DIM=2 NNZ(MAT)=3
      SOLVE: REDUCTION RES= 0.00E+00 (INIT. RES= 0.48E+02) NI=    1
      ETA-ENERGY DIAGRAM    0    0.000E+00    1.567E-02
      ETA-ENERGY DIAGRAM    1    1.000E+00    8.052E-04
 
  RELATIVE ENERGY VARIATION       =  1.400E-02         CHECK = FALSE
  RELATIVE OUT OF BALANCE FORCE   =  1.687E-02         CHECK = FALSE
 
      SPARSE: DIM=2 NNZ(MAT)=3
      SOLVE: REDUCTION RES= 0.00E+00 (INIT. RES= 0.96E+01) NI=    1
      ETA-ENERGY DIAGRAM    0    0.000E+00    7.268E-04
      ETA-ENERGY DIAGRAM    1    1.000E+00    3.897E-04
 
  RELATIVE ENERGY VARIATION       =  9.485E-04         CHECK = FALSE
  RELATIVE OUT OF BALANCE FORCE   =  9.154E-03         CHECK = TRUE
 
      SPARSE: DIM=2 NNZ(MAT)=3
      SOLVE: REDUCTION RES= 0.85E-16 (INIT. RES= 0.52E+01) NI=    1
      ETA-ENERGY DIAGRAM    0    0.000E+00    2.164E-04
      ETA-ENERGY DIAGRAM    1    1.000E+00    1.194E-04
 
  RELATIVE ENERGY VARIATION       =  2.853E-04         CHECK = FALSE
  RELATIVE OUT OF BALANCE FORCE   =  5.051E-03         CHECK = TRUE
 
      SPARSE: DIM=2 NNZ(MAT)=3
      SOLVE: REDUCTION RES= 0.77E-16 (INIT. RES= 0.29E+01) NI=    1
      ETA-ENERGY DIAGRAM    0    0.000E+00    6.588E-05
      ETA-ENERGY DIAGRAM    1    1.000E+00    3.637E-05
 
  RELATIVE ENERGY VARIATION       =  8.686E-05         CHECK = TRUE
  RELATIVE OUT OF BALANCE FORCE   =  2.788E-03         CHECK = TRUE
 
  STEP     28 TERMINATED, CONVERGENCE AFTER   4 ITERATIONS
   TOTAL LOAD FACTOR:  LOADING( 2) *   8.000E-03
 
   PLASTICITY LOGGING SUMMARY
   GROUP NAME          PLAST, PRV. PL, CRITIC, PLAST NEW, PRV.PL NEW, CRITIC NEW
   TOTAL MODEL             0        0       0          0           0           0
   CRACKING LOGGING SUMMARY
   GROUP NAME               CRACK,     OPEN,   CLOSED,   ACTIVE,   INACTI,   ARISES, RE-OPENS,   CLOSES
   TOTAL MODEL                  4         4         0         4         0         0         0         0
     CUMULATIVE REACTION:         FORCE X        FORCE Y
                               -0.19168D+00     0.00000D+00
  
 
  STEP     29 INITIATED:
   LOAD INCREMENT:  LOADING( 2) *   1.000E-03
      SPARSE: DIM=2 NNZ(MAT)=3
      SOLVE: REDUCTION RES= 0.00E+00 (INIT. RES= 0.54E+02) NI=    1
      ETA-ENERGY DIAGRAM    0    0.000E+00    1.938E-02
      ETA-ENERGY DIAGRAM    1    1.000E+00   -1.467E-02
 
  STEP     29 : ENERGY NORM       =  5.688E-01         TOLERANCE =  1.000E-04
  STEP     29 : FORCE NORM        =  5.481E+02         TOLERANCE =  1.000E-02
 
  RELATIVE OUT OF BALANCE FORCE   =  8.645E-02         CHECK = FALSE
 
      SPARSE: DIM=2 NNZ(MAT)=3
      SOLVE: REDUCTION RES= 0.00E+00 (INIT. RES= 0.47E+02) NI=    1
      ETA-ENERGY DIAGRAM    0    0.000E+00    1.555E-02
      ETA-ENERGY DIAGRAM    1    1.000E+00    7.393E-04
 
  RELATIVE ENERGY VARIATION       =  1.432E-02         CHECK = FALSE
  RELATIVE OUT OF BALANCE FORCE   =  1.703E-02         CHECK = FALSE
 
      SPARSE: DIM=2 NNZ(MAT)=3
      SOLVE: REDUCTION RES= 0.00E+00 (INIT. RES= 0.93E+01) NI=    1
      ETA-ENERGY DIAGRAM    0    0.000E+00    6.903E-04
      ETA-ENERGY DIAGRAM    1    1.000E+00    3.716E-04
 
  RELATIVE ENERGY VARIATION       =  9.334E-04         CHECK = FALSE
  RELATIVE OUT OF BALANCE FORCE   =  9.278E-03         CHECK = TRUE
 
      SPARSE: DIM=2 NNZ(MAT)=3
      SOLVE: REDUCTION RES= 0.00E+00 (INIT. RES= 0.51E+01) NI=    1
      ETA-ENERGY DIAGRAM    0    0.000E+00    2.075E-04
      ETA-ENERGY DIAGRAM    1    1.000E+00    1.150E-04
 
  RELATIVE ENERGY VARIATION       =  2.835E-04         CHECK = FALSE
  RELATIVE OUT OF BALANCE FORCE   =  5.145E-03         CHECK = TRUE
 
      SPARSE: DIM=2 NNZ(MAT)=3
      SOLVE: REDUCTION RES= 0.79E-16 (INIT. RES= 0.28E+01) NI=    1
      ETA-ENERGY DIAGRAM    0    0.000E+00    6.379E-05
      ETA-ENERGY DIAGRAM    1    1.000E+00    3.539E-05
 
  RELATIVE ENERGY VARIATION       =  8.718E-05         CHECK = TRUE
  RELATIVE OUT OF BALANCE FORCE   =  2.854E-03         CHECK = TRUE
 
  STEP     29 TERMINATED, CONVERGENCE AFTER   4 ITERATIONS
   TOTAL LOAD FACTOR:  LOADING( 2) *   9.000E-03
 
   PLASTICITY LOGGING SUMMARY
   GROUP NAME          PLAST, PRV. PL, CRITIC, PLAST NEW, PRV.PL NEW, CRITIC NEW
   TOTAL MODEL             0        0       0          0           0           0
   CRACKING LOGGING SUMMARY
   GROUP NAME               CRACK,     OPEN,   CLOSED,   ACTIVE,   INACTI,   ARISES, RE-OPENS,   CLOSES
   TOTAL MODEL                  4         4         0         4         0         0         0         0
     CUMULATIVE REACTION:         FORCE X        FORCE Y
                               -0.20706D+00     0.56843D-13
  
 
  STEP     30 INITIATED:
   LOAD INCREMENT:  LOADING( 2) *   1.000E-03
      SPARSE: DIM=2 NNZ(MAT)=3
      SOLVE: REDUCTION RES= 0.00E+00 (INIT. RES= 0.54E+02) NI=    1
      ETA-ENERGY DIAGRAM    0    0.000E+00    1.954E-02
      ETA-ENERGY DIAGRAM    1    1.000E+00   -1.450E-02
 
  STEP     30 : ENERGY NORM       =  5.500E-01         TOLERANCE =  1.000E-04
  STEP     30 : FORCE NORM        =  5.298E+02         TOLERANCE =  1.000E-02
 
  RELATIVE OUT OF BALANCE FORCE   =  8.913E-02         CHECK = FALSE
 
      SPARSE: DIM=2 NNZ(MAT)=3
      SOLVE: REDUCTION RES= 0.00E+00 (INIT. RES= 0.47E+02) NI=    1
      ETA-ENERGY DIAGRAM    0    0.000E+00    1.544E-02
      ETA-ENERGY DIAGRAM    1    1.000E+00    6.759E-04
 
  RELATIVE ENERGY VARIATION       =  1.465E-02         CHECK = FALSE
  RELATIVE OUT OF BALANCE FORCE   =  1.717E-02         CHECK = FALSE
 
      SPARSE: DIM=2 NNZ(MAT)=3
      SOLVE: REDUCTION RES= 0.00E+00 (INIT. RES= 0.91E+01) NI=    1
      ETA-ENERGY DIAGRAM    0    0.000E+00    6.550E-04
      ETA-ENERGY DIAGRAM    1    1.000E+00    3.537E-04
 
  RELATIVE ENERGY VARIATION       =  9.170E-04         CHECK = FALSE
  RELATIVE OUT OF BALANCE FORCE   =  9.388E-03         CHECK = TRUE
 
      SPARSE: DIM=2 NNZ(MAT)=3
      SOLVE: REDUCTION RES= 0.00E+00 (INIT. RES= 0.50E+01) NI=    1
      ETA-ENERGY DIAGRAM    0    0.000E+00    1.986E-04
      ETA-ENERGY DIAGRAM    1    1.000E+00    1.106E-04
 
  RELATIVE ENERGY VARIATION       =  2.811E-04         CHECK = FALSE
  RELATIVE OUT OF BALANCE FORCE   =  5.230E-03         CHECK = TRUE
 
      SPARSE: DIM=2 NNZ(MAT)=3
      SOLVE: REDUCTION RES= 0.16E-15 (INIT. RES= 0.28E+01) NI=    1
      ETA-ENERGY DIAGRAM    0    0.000E+00    6.160E-05
      ETA-ENERGY DIAGRAM    1    1.000E+00    3.433E-05
 
  RELATIVE ENERGY VARIATION       =  8.721E-05         CHECK = TRUE
  RELATIVE OUT OF BALANCE FORCE   =  2.915E-03         CHECK = TRUE
 
  STEP     30 TERMINATED, CONVERGENCE AFTER   4 ITERATIONS
   TOTAL LOAD FACTOR:  LOADING( 2) *   1.000E-02
 
   PLASTICITY LOGGING SUMMARY
   GROUP NAME          PLAST, PRV. PL, CRITIC, PLAST NEW, PRV.PL NEW, CRITIC NEW
   TOTAL MODEL             0        0       0          0           0           0
   CRACKING LOGGING SUMMARY
   GROUP NAME               CRACK,     OPEN,   CLOSED,   ACTIVE,   INACTI,   ARISES, RE-OPENS,   CLOSES
   TOTAL MODEL                  4         4         0         4         0         0         0         0
     CUMULATIVE REACTION:         FORCE X        FORCE Y
                               -0.22064D+00     0.00000D+00
  
 
  STEP     31 INITIATED:
   LOAD INCREMENT:  LOADING( 2) *   1.000E-03
      SPARSE: DIM=2 NNZ(MAT)=3
      SOLVE: REDUCTION RES= 0.00E+00 (INIT. RES= 0.54E+02) NI=    1
      ETA-ENERGY DIAGRAM    0    0.000E+00    1.972E-02
      ETA-ENERGY DIAGRAM    1    1.000E+00   -1.435E-02
 
  STEP     31 : ENERGY NORM       =  5.322E-01         TOLERANCE =  1.000E-04
  STEP     31 : FORCE NORM        =  5.126E+02         TOLERANCE =  1.000E-02
 
  RELATIVE OUT OF BALANCE FORCE   =  9.182E-02         CHECK = FALSE
 
      SPARSE: DIM=2 NNZ(MAT)=3
      SOLVE: REDUCTION RES= 0.00E+00 (INIT. RES= 0.47E+02) NI=    1
      ETA-ENERGY DIAGRAM    0    0.000E+00    1.533E-02
      ETA-ENERGY DIAGRAM    1    1.000E+00    6.150E-04
 
  RELATIVE ENERGY VARIATION       =  1.498E-02         CHECK = FALSE
  RELATIVE OUT OF BALANCE FORCE   =  1.728E-02         CHECK = FALSE
 
      SPARSE: DIM=2 NNZ(MAT)=3
      SOLVE: REDUCTION RES= 0.20E-15 (INIT. RES= 0.89E+01) NI=    1
      ETA-ENERGY DIAGRAM    0    0.000E+00    6.210E-04
      ETA-ENERGY DIAGRAM    1    1.000E+00    3.363E-04
 
  RELATIVE ENERGY VARIATION       =  8.994E-04         CHECK = FALSE
  RELATIVE OUT OF BALANCE FORCE   =  9.482E-03         CHECK = TRUE
 
      SPARSE: DIM=2 NNZ(MAT)=3
      SOLVE: REDUCTION RES= 0.91E-16 (INIT. RES= 0.49E+01) NI=    1
      ETA-ENERGY DIAGRAM    0    0.000E+00    1.897E-04
      ETA-ENERGY DIAGRAM    1    1.000E+00    1.061E-04
 
  RELATIVE ENERGY VARIATION       =  2.779E-04         CHECK = FALSE
  RELATIVE OUT OF BALANCE FORCE   =  5.305E-03         CHECK = TRUE
 
      SPARSE: DIM=2 NNZ(MAT)=3
      SOLVE: REDUCTION RES= 0.00E+00 (INIT. RES= 0.27E+01) NI=    1
      ETA-ENERGY DIAGRAM    0    0.000E+00    5.935E-05
      ETA-ENERGY DIAGRAM    1    1.000E+00    3.322E-05
 
  RELATIVE ENERGY VARIATION       =  8.697E-05         CHECK = TRUE
  RELATIVE OUT OF BALANCE FORCE   =  2.969E-03         CHECK = TRUE
 
  STEP     31 TERMINATED, CONVERGENCE AFTER   4 ITERATIONS
   TOTAL LOAD FACTOR:  LOADING( 2) *   1.100E-02
 
   PLASTICITY LOGGING SUMMARY
   GROUP NAME          PLAST, PRV. PL, CRITIC, PLAST NEW, PRV.PL NEW, CRITIC NEW
   TOTAL MODEL             0        0       0          0           0           0
   CRACKING LOGGING SUMMARY
   GROUP NAME               CRACK,     OPEN,   CLOSED,   ACTIVE,   INACTI,   ARISES, RE-OPENS,   CLOSES
   TOTAL MODEL                  4         4         0         4         0         0         0         0
     CUMULATIVE REACTION:         FORCE X        FORCE Y
                               -0.23251D+00    -0.56843D-13
  
 
  STEP     32 INITIATED:
   LOAD INCREMENT:  LOADING( 2) *   1.000E-03
      SPARSE: DIM=2 NNZ(MAT)=3
      SOLVE: REDUCTION RES= 0.00E+00 (INIT. RES= 0.55E+02) NI=    1
      ETA-ENERGY DIAGRAM    0    0.000E+00    1.991E-02
      ETA-ENERGY DIAGRAM    1    1.000E+00   -1.421E-02
 
  STEP     32 : ENERGY NORM       =  5.153E-01         TOLERANCE =  1.000E-04
  STEP     32 : FORCE NORM        =  4.963E+02         TOLERANCE =  1.000E-02
 
  RELATIVE OUT OF BALANCE FORCE   =  9.453E-02         CHECK = FALSE
 
      SPARSE: DIM=2 NNZ(MAT)=3
      SOLVE: REDUCTION RES= 0.00E+00 (INIT. RES= 0.47E+02) NI=    1
      ETA-ENERGY DIAGRAM    0    0.000E+00    1.523E-02
      ETA-ENERGY DIAGRAM    1    1.000E+00    5.569E-04
 
  RELATIVE ENERGY VARIATION       =  1.532E-02         CHECK = FALSE
  RELATIVE OUT OF BALANCE FORCE   =  1.738E-02         CHECK = FALSE
 
      SPARSE: DIM=2 NNZ(MAT)=3
      SOLVE: REDUCTION RES= 0.10E-15 (INIT. RES= 0.86E+01) NI=    1
      ETA-ENERGY DIAGRAM    0    0.000E+00    5.883E-04
      ETA-ENERGY DIAGRAM    1    1.000E+00    3.194E-04
 
  RELATIVE ENERGY VARIATION       =  8.808E-04         CHECK = FALSE
  RELATIVE OUT OF BALANCE FORCE   =  9.564E-03         CHECK = TRUE
 
      SPARSE: DIM=2 NNZ(MAT)=3
      SOLVE: REDUCTION RES= 0.00E+00 (INIT. RES= 0.47E+01) NI=    1
      ETA-ENERGY DIAGRAM    0    0.000E+00    1.810E-04
      ETA-ENERGY DIAGRAM    1    1.000E+00    1.016E-04
 
  RELATIVE ENERGY VARIATION       =  2.742E-04         CHECK = FALSE
  RELATIVE OUT OF BALANCE FORCE   =  5.372E-03         CHECK = TRUE
 
      SPARSE: DIM=2 NNZ(MAT)=3
      SOLVE: REDUCTION RES= 0.00E+00 (INIT. RES= 0.27E+01) NI=    1
      ETA-ENERGY DIAGRAM    0    0.000E+00    5.707E-05
      ETA-ENERGY DIAGRAM    1    1.000E+00    3.207E-05
 
  RELATIVE ENERGY VARIATION       =  8.649E-05         CHECK = TRUE
  RELATIVE OUT OF BALANCE FORCE   =  3.018E-03         CHECK = TRUE
 
  STEP     32 TERMINATED, CONVERGENCE AFTER   4 ITERATIONS
   TOTAL LOAD FACTOR:  LOADING( 2) *   1.200E-02
 
   PLASTICITY LOGGING SUMMARY
   GROUP NAME          PLAST, PRV. PL, CRITIC, PLAST NEW, PRV.PL NEW, CRITIC NEW
   TOTAL MODEL             0        0       0          0           0           0
   CRACKING LOGGING SUMMARY
   GROUP NAME               CRACK,     OPEN,   CLOSED,   ACTIVE,   INACTI,   ARISES, RE-OPENS,   CLOSES
   TOTAL MODEL                  4         4         0         4         0         0         0         0
     CUMULATIVE REACTION:         FORCE X        FORCE Y
                               -0.24280D+00     0.00000D+00
  
 
  STEP     33 INITIATED:
   LOAD INCREMENT:  LOADING( 2) *   1.000E-03
      SPARSE: DIM=2 NNZ(MAT)=3
      SOLVE: REDUCTION RES= 0.00E+00 (INIT. RES= 0.55E+02) NI=    1
      ETA-ENERGY DIAGRAM    0    0.000E+00    2.010E-02
      ETA-ENERGY DIAGRAM    1    1.000E+00   -1.409E-02
 
  STEP     33 : ENERGY NORM       =  4.994E-01         TOLERANCE =  1.000E-04
  STEP     33 : FORCE NORM        =  4.809E+02         TOLERANCE =  1.000E-02
 
  RELATIVE OUT OF BALANCE FORCE   =  9.725E-02         CHECK = FALSE
 
      SPARSE: DIM=2 NNZ(MAT)=3
      SOLVE: REDUCTION RES= 0.00E+00 (INIT. RES= 0.47E+02) NI=    1
      ETA-ENERGY DIAGRAM    0    0.000E+00    1.513E-02
      ETA-ENERGY DIAGRAM    1    1.000E+00    5.016E-04
 
  RELATIVE ENERGY VARIATION       =  1.566E-02         CHECK = FALSE
  RELATIVE OUT OF BALANCE FORCE   =  1.746E-02         CHECK = FALSE
 
      SPARSE: DIM=2 NNZ(MAT)=3
      SOLVE: REDUCTION RES= 0.11E-15 (INIT. RES= 0.84E+01) NI=    1
      ETA-ENERGY DIAGRAM    0    0.000E+00    5.571E-04
      ETA-ENERGY DIAGRAM    1    1.000E+00    3.031E-04
 
  RELATIVE ENERGY VARIATION       =  8.614E-04         CHECK = FALSE
  RELATIVE OUT OF BALANCE FORCE   =  9.632E-03         CHECK = TRUE
 
      SPARSE: DIM=2 NNZ(MAT)=3
      SOLVE: REDUCTION RES= 0.00E+00 (INIT. RES= 0.46E+01) NI=    1
      ETA-ENERGY DIAGRAM    0    0.000E+00    1.725E-04
      ETA-ENERGY DIAGRAM    1    1.000E+00    9.720E-05
 
  RELATIVE ENERGY VARIATION       =  2.701E-04         CHECK = FALSE
  RELATIVE OUT OF BALANCE FORCE   =  5.430E-03         CHECK = TRUE
 
      SPARSE: DIM=2 NNZ(MAT)=3
      SOLVE: REDUCTION RES= 0.00E+00 (INIT. RES= 0.26E+01) NI=    1
      ETA-ENERGY DIAGRAM    0    0.000E+00    5.479E-05
      ETA-ENERGY DIAGRAM    1    1.000E+00    3.090E-05
 
  RELATIVE ENERGY VARIATION       =  8.580E-05         CHECK = TRUE
  RELATIVE OUT OF BALANCE FORCE   =  3.062E-03         CHECK = TRUE
 
  STEP     33 TERMINATED, CONVERGENCE AFTER   4 ITERATIONS
   TOTAL LOAD FACTOR:  LOADING( 2) *   1.300E-02
 
   PLASTICITY LOGGING SUMMARY
   GROUP NAME          PLAST, PRV. PL, CRITIC, PLAST NEW, PRV.PL NEW, CRITIC NEW
   TOTAL MODEL             0        0       0          0           0           0
   CRACKING LOGGING SUMMARY
   GROUP NAME               CRACK,     OPEN,   CLOSED,   ACTIVE,   INACTI,   ARISES, RE-OPENS,   CLOSES
   TOTAL MODEL                  4         4         0         4         0         0         0         0
     CUMULATIVE REACTION:         FORCE X        FORCE Y
                               -0.25164D+00     0.00000D+00
  
 
  STEP     34 INITIATED:
   LOAD INCREMENT:  LOADING( 2) *   1.000E-03
      SPARSE: DIM=2 NNZ(MAT)=3
      SOLVE: REDUCTION RES= 0.00E+00 (INIT. RES= 0.55E+02) NI=    1
      ETA-ENERGY DIAGRAM    0    0.000E+00    2.031E-02
      ETA-ENERGY DIAGRAM    1    1.000E+00   -1.398E-02
 
  STEP     34 : ENERGY NORM       =  4.842E-01         TOLERANCE =  1.000E-04
  STEP     34 : FORCE NORM        =  4.664E+02         TOLERANCE =  1.000E-02
 
  RELATIVE OUT OF BALANCE FORCE   =  9.999E-02         CHECK = FALSE
 
      SPARSE: DIM=2 NNZ(MAT)=3
      SOLVE: REDUCTION RES= 0.16E-15 (INIT. RES= 0.47E+02) NI=    1
      ETA-ENERGY DIAGRAM    0    0.000E+00    1.504E-02
      ETA-ENERGY DIAGRAM    1    1.000E+00    4.492E-04
 
  RELATIVE ENERGY VARIATION       =  1.600E-02         CHECK = FALSE
  RELATIVE OUT OF BALANCE FORCE   =  1.752E-02         CHECK = FALSE
 
      SPARSE: DIM=2 NNZ(MAT)=3
      SOLVE: REDUCTION RES= 0.54E-16 (INIT. RES= 0.82E+01) NI=    1
      ETA-ENERGY DIAGRAM    0    0.000E+00    5.275E-04
      ETA-ENERGY DIAGRAM    1    1.000E+00    2.875E-04
 
  RELATIVE ENERGY VARIATION       =  8.415E-04         CHECK = FALSE
  RELATIVE OUT OF BALANCE FORCE   =  9.688E-03         CHECK = TRUE
 
      SPARSE: DIM=2 NNZ(MAT)=3
      SOLVE: REDUCTION RES= 0.00E+00 (INIT. RES= 0.45E+01) NI=    1
      ETA-ENERGY DIAGRAM    0    0.000E+00    1.643E-04
      ETA-ENERGY DIAGRAM    1    1.000E+00    9.287E-05
 
  RELATIVE ENERGY VARIATION       =  2.655E-04         CHECK = FALSE
  RELATIVE OUT OF BALANCE FORCE   =  5.480E-03         CHECK = TRUE
 
      SPARSE: DIM=2 NNZ(MAT)=3
      SOLVE: REDUCTION RES= 0.00E+00 (INIT. RES= 0.26E+01) NI=    1
      ETA-ENERGY DIAGRAM    0    0.000E+00    5.252E-05
      ETA-ENERGY DIAGRAM    1    1.000E+00    2.972E-05
 
  RELATIVE ENERGY VARIATION       =  8.492E-05         CHECK = TRUE
  RELATIVE OUT OF BALANCE FORCE   =  3.101E-03         CHECK = TRUE
 
  STEP     34 TERMINATED, CONVERGENCE AFTER   4 ITERATIONS
   TOTAL LOAD FACTOR:  LOADING( 2) *   1.400E-02
 
   PLASTICITY LOGGING SUMMARY
   GROUP NAME          PLAST, PRV. PL, CRITIC, PLAST NEW, PRV.PL NEW, CRITIC NEW
   TOTAL MODEL             0        0       0          0           0           0
   CRACKING LOGGING SUMMARY
   GROUP NAME               CRACK,     OPEN,   CLOSED,   ACTIVE,   INACTI,   ARISES, RE-OPENS,   CLOSES
   TOTAL MODEL                  4         4         0         4         0         0         0         0
     CUMULATIVE REACTION:         FORCE X        FORCE Y
                               -0.25915D+00     0.00000D+00
  
 
  STEP     35 INITIATED:
   LOAD INCREMENT:  LOADING( 2) *   1.000E-03
      SPARSE: DIM=2 NNZ(MAT)=3
      SOLVE: REDUCTION RES= 0.00E+00 (INIT. RES= 0.55E+02) NI=    1
      ETA-ENERGY DIAGRAM    0    0.000E+00    2.051E-02
      ETA-ENERGY DIAGRAM    1    1.000E+00   -1.389E-02
 
  STEP     35 : ENERGY NORM       =  4.699E-01         TOLERANCE =  1.000E-04
  STEP     35 : FORCE NORM        =  4.528E+02         TOLERANCE =  1.000E-02
 
  RELATIVE OUT OF BALANCE FORCE   =  1.027E-01         CHECK = FALSE
 
      SPARSE: DIM=2 NNZ(MAT)=3
      SOLVE: REDUCTION RES= 0.38E-16 (INIT. RES= 0.47E+02) NI=    1
      ETA-ENERGY DIAGRAM    0    0.000E+00    1.495E-02
      ETA-ENERGY DIAGRAM    1    1.000E+00    3.996E-04
 
  RELATIVE ENERGY VARIATION       =  1.634E-02         CHECK = FALSE
  RELATIVE OUT OF BALANCE FORCE   =  1.756E-02         CHECK = FALSE
 
      SPARSE: DIM=2 NNZ(MAT)=3
      SOLVE: REDUCTION RES= 0.00E+00 (INIT. RES= 0.80E+01) NI=    1
      ETA-ENERGY DIAGRAM    0    0.000E+00    4.993E-04
      ETA-ENERGY DIAGRAM    1    1.000E+00    2.725E-04
 
  RELATIVE ENERGY VARIATION       =  8.212E-04         CHECK = FALSE
  RELATIVE OUT OF BALANCE FORCE   =  9.733E-03         CHECK = TRUE
 
      SPARSE: DIM=2 NNZ(MAT)=3
      SOLVE: REDUCTION RES= 0.00E+00 (INIT. RES= 0.44E+01) NI=    1
      ETA-ENERGY DIAGRAM    0    0.000E+00    1.563E-04
      ETA-ENERGY DIAGRAM    1    1.000E+00    8.865E-05
 
  RELATIVE ENERGY VARIATION       =  2.606E-04         CHECK = FALSE
  RELATIVE OUT OF BALANCE FORCE   =  5.523E-03         CHECK = TRUE
 
      SPARSE: DIM=2 NNZ(MAT)=3
      SOLVE: REDUCTION RES= 0.89E-16 (INIT. RES= 0.25E+01) NI=    1
      ETA-ENERGY DIAGRAM    0    0.000E+00    5.029E-05
      ETA-ENERGY DIAGRAM    1    1.000E+00    2.855E-05
 
  RELATIVE ENERGY VARIATION       =  8.389E-05         CHECK = TRUE
  RELATIVE OUT OF BALANCE FORCE   =  3.136E-03         CHECK = TRUE
 
  STEP     35 TERMINATED, CONVERGENCE AFTER   4 ITERATIONS
   TOTAL LOAD FACTOR:  LOADING( 2) *   1.500E-02
 
   PLASTICITY LOGGING SUMMARY
   GROUP NAME          PLAST, PRV. PL, CRITIC, PLAST NEW, PRV.PL NEW, CRITIC NEW
   TOTAL MODEL             0        0       0          0           0           0
   CRACKING LOGGING SUMMARY
   GROUP NAME               CRACK,     OPEN,   CLOSED,   ACTIVE,   INACTI,   ARISES, RE-OPENS,   CLOSES
   TOTAL MODEL                  4         4         0         4         0         0         0         0
     CUMULATIVE REACTION:         FORCE X        FORCE Y
                               -0.26544D+00     0.00000D+00
  
 
  STEP     36 INITIATED:
   LOAD INCREMENT:  LOADING( 2) *   1.000E-03
      SPARSE: DIM=2 NNZ(MAT)=3
      SOLVE: REDUCTION RES= 0.00E+00 (INIT. RES= 0.56E+02) NI=    1
      ETA-ENERGY DIAGRAM    0    0.000E+00    2.072E-02
      ETA-ENERGY DIAGRAM    1    1.000E+00   -1.380E-02
 
  STEP     36 : ENERGY NORM       =  4.564E-01         TOLERANCE =  1.000E-04
  STEP     36 : FORCE NORM        =  4.399E+02         TOLERANCE =  1.000E-02
 
  RELATIVE OUT OF BALANCE FORCE   =  1.055E-01         CHECK = FALSE
 
      SPARSE: DIM=2 NNZ(MAT)=3
      SOLVE: REDUCTION RES= 0.00E+00 (INIT. RES= 0.46E+02) NI=    1
      ETA-ENERGY DIAGRAM    0    0.000E+00    1.487E-02
      ETA-ENERGY DIAGRAM    1    1.000E+00    3.529E-04
 
  RELATIVE ENERGY VARIATION       =  1.668E-02         CHECK = FALSE
  RELATIVE OUT OF BALANCE FORCE   =  1.759E-02         CHECK = FALSE
 
      SPARSE: DIM=2 NNZ(MAT)=3
      SOLVE: REDUCTION RES= 0.00E+00 (INIT. RES= 0.77E+01) NI=    1
      ETA-ENERGY DIAGRAM    0    0.000E+00    4.727E-04
      ETA-ENERGY DIAGRAM    1    1.000E+00    2.583E-04
 
  RELATIVE ENERGY VARIATION       =  8.008E-04         CHECK = FALSE
  RELATIVE OUT OF BALANCE FORCE   =  9.768E-03         CHECK = TRUE
 
      SPARSE: DIM=2 NNZ(MAT)=3
      SOLVE: REDUCTION RES= 0.00E+00 (INIT. RES= 0.43E+01) NI=    1
      ETA-ENERGY DIAGRAM    0    0.000E+00    1.487E-04
      ETA-ENERGY DIAGRAM    1    1.000E+00    8.456E-05
 
  RELATIVE ENERGY VARIATION       =  2.555E-04         CHECK = FALSE
  RELATIVE OUT OF BALANCE FORCE   =  5.559E-03         CHECK = TRUE
 
      SPARSE: DIM=2 NNZ(MAT)=3
      SOLVE: REDUCTION RES= 0.00E+00 (INIT. RES= 0.24E+01) NI=    1
      ETA-ENERGY DIAGRAM    0    0.000E+00    4.812E-05
      ETA-ENERGY DIAGRAM    1    1.000E+00    2.740E-05
 
  RELATIVE ENERGY VARIATION       =  8.273E-05         CHECK = TRUE
  RELATIVE OUT OF BALANCE FORCE   =  3.166E-03         CHECK = TRUE
 
  STEP     36 TERMINATED, CONVERGENCE AFTER   4 ITERATIONS
   TOTAL LOAD FACTOR:  LOADING( 2) *   1.600E-02
 
   PLASTICITY LOGGING SUMMARY
   GROUP NAME          PLAST, PRV. PL, CRITIC, PLAST NEW, PRV.PL NEW, CRITIC NEW
   TOTAL MODEL             0        0       0          0           0           0
   CRACKING LOGGING SUMMARY
   GROUP NAME               CRACK,     OPEN,   CLOSED,   ACTIVE,   INACTI,   ARISES, RE-OPENS,   CLOSES
   TOTAL MODEL                  4         4         0         4         0         0         0         0
     CUMULATIVE REACTION:         FORCE X        FORCE Y
                               -0.27064D+00     0.28422D-13
  
 
  STEP     37 INITIATED:
   LOAD INCREMENT:  LOADING( 2) *   1.000E-03
      SPARSE: DIM=2 NNZ(MAT)=3
      SOLVE: REDUCTION RES= 0.00E+00 (INIT. RES= 0.56E+02) NI=    1
      ETA-ENERGY DIAGRAM    0    0.000E+00    2.093E-02
      ETA-ENERGY DIAGRAM    1    1.000E+00   -1.373E-02
 
  STEP     37 : ENERGY NORM       =  4.436E-01         TOLERANCE =  1.000E-04
  STEP     37 : FORCE NORM        =  4.277E+02         TOLERANCE =  1.000E-02
 
  RELATIVE OUT OF BALANCE FORCE   =  1.082E-01         CHECK = FALSE
 
      SPARSE: DIM=2 NNZ(MAT)=3
      SOLVE: REDUCTION RES= 0.00E+00 (INIT. RES= 0.46E+02) NI=    1
      ETA-ENERGY DIAGRAM    0    0.000E+00    1.480E-02
      ETA-ENERGY DIAGRAM    1    1.000E+00    3.088E-04
 
  RELATIVE ENERGY VARIATION       =  1.703E-02         CHECK = FALSE
  RELATIVE OUT OF BALANCE FORCE   =  1.761E-02         CHECK = FALSE
 
      SPARSE: DIM=2 NNZ(MAT)=3
      SOLVE: REDUCTION RES= 0.00E+00 (INIT. RES= 0.75E+01) NI=    1
      ETA-ENERGY DIAGRAM    0    0.000E+00    4.475E-04
      ETA-ENERGY DIAGRAM    1    1.000E+00    2.447E-04
 
  RELATIVE ENERGY VARIATION       =  7.803E-04         CHECK = FALSE
  RELATIVE OUT OF BALANCE FORCE   =  9.793E-03         CHECK = TRUE
 
      SPARSE: DIM=2 NNZ(MAT)=3
      SOLVE: REDUCTION RES= 0.00E+00 (INIT. RES= 0.42E+01) NI=    1
      ETA-ENERGY DIAGRAM    0    0.000E+00    1.413E-04
      ETA-ENERGY DIAGRAM    1    1.000E+00    8.061E-05
 
  RELATIVE ENERGY VARIATION       =  2.502E-04         CHECK = FALSE
  RELATIVE OUT OF BALANCE FORCE   =  5.589E-03         CHECK = TRUE
 
      SPARSE: DIM=2 NNZ(MAT)=3
      SOLVE: REDUCTION RES= 0.00E+00 (INIT. RES= 0.24E+01) NI=    1
      ETA-ENERGY DIAGRAM    0    0.000E+00    4.600E-05
      ETA-ENERGY DIAGRAM    1    1.000E+00    2.627E-05
 
  RELATIVE ENERGY VARIATION       =  8.146E-05         CHECK = TRUE
  RELATIVE OUT OF BALANCE FORCE   =  3.191E-03         CHECK = TRUE
 
  STEP     37 TERMINATED, CONVERGENCE AFTER   4 ITERATIONS
   TOTAL LOAD FACTOR:  LOADING( 2) *   1.700E-02
 
   PLASTICITY LOGGING SUMMARY
   GROUP NAME          PLAST, PRV. PL, CRITIC, PLAST NEW, PRV.PL NEW, CRITIC NEW
   TOTAL MODEL             0        0       0          0           0           0
   CRACKING LOGGING SUMMARY
   GROUP NAME               CRACK,     OPEN,   CLOSED,   ACTIVE,   INACTI,   ARISES, RE-OPENS,   CLOSES
   TOTAL MODEL                  4         4         0         4         0         0         0         0
     CUMULATIVE REACTION:         FORCE X        FORCE Y
                               -0.27484D+00     0.00000D+00
  
 
  STEP     38 INITIATED:
   LOAD INCREMENT:  LOADING( 2) *   1.000E-03
      SPARSE: DIM=2 NNZ(MAT)=3
      SOLVE: REDUCTION RES= 0.00E+00 (INIT. RES= 0.56E+02) NI=    1
      ETA-ENERGY DIAGRAM    0    0.000E+00    2.113E-02
      ETA-ENERGY DIAGRAM    1    1.000E+00   -1.366E-02
 
  STEP     38 : ENERGY NORM       =  4.314E-01         TOLERANCE =  1.000E-04
  STEP     38 : FORCE NORM        =  4.162E+02         TOLERANCE =  1.000E-02
 
  RELATIVE OUT OF BALANCE FORCE   =  1.109E-01         CHECK = FALSE
 
      SPARSE: DIM=2 NNZ(MAT)=3
      SOLVE: REDUCTION RES= 0.00E+00 (INIT. RES= 0.46E+02) NI=    1
      ETA-ENERGY DIAGRAM    0    0.000E+00    1.472E-02
      ETA-ENERGY DIAGRAM    1    1.000E+00    2.674E-04
 
  RELATIVE ENERGY VARIATION       =  1.737E-02         CHECK = FALSE
  RELATIVE OUT OF BALANCE FORCE   =  1.762E-02         CHECK = FALSE
 
      SPARSE: DIM=2 NNZ(MAT)=3
      SOLVE: REDUCTION RES= 0.00E+00 (INIT. RES= 0.73E+01) NI=    1
      ETA-ENERGY DIAGRAM    0    0.000E+00    4.238E-04
      ETA-ENERGY DIAGRAM    1    1.000E+00    2.318E-04
 
  RELATIVE ENERGY VARIATION       =  7.598E-04         CHECK = FALSE
  RELATIVE OUT OF BALANCE FORCE   =  9.809E-03         CHECK = TRUE
 
      SPARSE: DIM=2 NNZ(MAT)=3
      SOLVE: REDUCTION RES= 0.00E+00 (INIT. RES= 0.41E+01) NI=    1
      ETA-ENERGY DIAGRAM    0    0.000E+00    1.343E-04
      ETA-ENERGY DIAGRAM    1    1.000E+00    7.682E-05
 
  RELATIVE ENERGY VARIATION       =  2.447E-04         CHECK = FALSE
  RELATIVE OUT OF BALANCE FORCE   =  5.613E-03         CHECK = TRUE
 
      SPARSE: DIM=2 NNZ(MAT)=3
      SOLVE: REDUCTION RES= 0.95E-16 (INIT. RES= 0.23E+01) NI=    1
      ETA-ENERGY DIAGRAM    0    0.000E+00    4.395E-05
      ETA-ENERGY DIAGRAM    1    1.000E+00    2.516E-05
 
  RELATIVE ENERGY VARIATION       =  8.009E-05         CHECK = TRUE
  RELATIVE OUT OF BALANCE FORCE   =  3.213E-03         CHECK = TRUE
 
  STEP     38 TERMINATED, CONVERGENCE AFTER   4 ITERATIONS
   TOTAL LOAD FACTOR:  LOADING( 2) *   1.800E-02
 
   PLASTICITY LOGGING SUMMARY
   GROUP NAME          PLAST, PRV. PL, CRITIC, PLAST NEW, PRV.PL NEW, CRITIC NEW
   TOTAL MODEL             0        0       0          0           0           0
   CRACKING LOGGING SUMMARY
   GROUP NAME               CRACK,     OPEN,   CLOSED,   ACTIVE,   INACTI,   ARISES, RE-OPENS,   CLOSES
   TOTAL MODEL                  4         4         0         4         0         0         0         0
     CUMULATIVE REACTION:         FORCE X        FORCE Y
                               -0.27815D+00     0.00000D+00
  
 
  STEP     39 INITIATED:
   LOAD INCREMENT:  LOADING( 2) *   1.000E-03
      SPARSE: DIM=2 NNZ(MAT)=3
      SOLVE: REDUCTION RES= 0.00E+00 (INIT. RES= 0.56E+02) NI=    1
      ETA-ENERGY DIAGRAM    0    0.000E+00    2.134E-02
      ETA-ENERGY DIAGRAM    1    1.000E+00   -1.361E-02
 
  STEP     39 : ENERGY NORM       =  4.200E-01         TOLERANCE =  1.000E-04
  STEP     39 : FORCE NORM        =  4.054E+02         TOLERANCE =  1.000E-02
 
  RELATIVE OUT OF BALANCE FORCE   =  1.137E-01         CHECK = FALSE
 
      SPARSE: DIM=2 NNZ(MAT)=3
      SOLVE: REDUCTION RES= 0.00E+00 (INIT. RES= 0.46E+02) NI=    1
      ETA-ENERGY DIAGRAM    0    0.000E+00    1.466E-02
      ETA-ENERGY DIAGRAM    1    1.000E+00    2.285E-04
 
  RELATIVE ENERGY VARIATION       =  1.772E-02         CHECK = FALSE
  RELATIVE OUT OF BALANCE FORCE   =  1.761E-02         CHECK = FALSE
 
      SPARSE: DIM=2 NNZ(MAT)=3
      SOLVE: REDUCTION RES= 0.00E+00 (INIT. RES= 0.71E+01) NI=    1
      ETA-ENERGY DIAGRAM    0    0.000E+00    4.014E-04
      ETA-ENERGY DIAGRAM    1    1.000E+00    2.197E-04
 
  RELATIVE ENERGY VARIATION       =  7.395E-04         CHECK = FALSE
  RELATIVE OUT OF BALANCE FORCE   =  9.816E-03         CHECK = TRUE
 
      SPARSE: DIM=2 NNZ(MAT)=3
      SOLVE: REDUCTION RES= 0.00E+00 (INIT. RES= 0.40E+01) NI=    1
      ETA-ENERGY DIAGRAM    0    0.000E+00    1.277E-04
      ETA-ENERGY DIAGRAM    1    1.000E+00    7.319E-05
 
  RELATIVE ENERGY VARIATION       =  2.391E-04         CHECK = FALSE
  RELATIVE OUT OF BALANCE FORCE   =  5.631E-03         CHECK = TRUE
 
      SPARSE: DIM=2 NNZ(MAT)=3
      SOLVE: REDUCTION RES= 0.00E+00 (INIT. RES= 0.23E+01) NI=    1
      ETA-ENERGY DIAGRAM    0    0.000E+00    4.197E-05
      ETA-ENERGY DIAGRAM    1    1.000E+00    2.409E-05
 
  RELATIVE ENERGY VARIATION       =  7.865E-05         CHECK = TRUE
  RELATIVE OUT OF BALANCE FORCE   =  3.231E-03         CHECK = TRUE
 
  STEP     39 TERMINATED, CONVERGENCE AFTER   4 ITERATIONS
   TOTAL LOAD FACTOR:  LOADING( 2) *   1.900E-02
 
   PLASTICITY LOGGING SUMMARY
   GROUP NAME          PLAST, PRV. PL, CRITIC, PLAST NEW, PRV.PL NEW, CRITIC NEW
   TOTAL MODEL             0        0       0          0           0           0
   CRACKING LOGGING SUMMARY
   GROUP NAME               CRACK,     OPEN,   CLOSED,   ACTIVE,   INACTI,   ARISES, RE-OPENS,   CLOSES
   TOTAL MODEL                  4         4         0         4         0         0         0         0
     CUMULATIVE REACTION:         FORCE X        FORCE Y
                               -0.28067D+00     0.00000D+00
  
 
  STEP     40 INITIATED:
   LOAD INCREMENT:  LOADING( 2) *   1.000E-03
      SPARSE: DIM=2 NNZ(MAT)=3
      SOLVE: REDUCTION RES= 0.00E+00 (INIT. RES= 0.57E+02) NI=    1
      ETA-ENERGY DIAGRAM    0    0.000E+00    2.155E-02
      ETA-ENERGY DIAGRAM    1    1.000E+00   -1.355E-02
 
  STEP     40 : ENERGY NORM       =  4.091E-01         TOLERANCE =  1.000E-04
  STEP     40 : FORCE NORM        =  3.951E+02         TOLERANCE =  1.000E-02
 
  RELATIVE OUT OF BALANCE FORCE   =  1.164E-01         CHECK = FALSE
 
      SPARSE: DIM=2 NNZ(MAT)=3
      SOLVE: REDUCTION RES= 0.77E-16 (INIT. RES= 0.46E+02) NI=    1
      ETA-ENERGY DIAGRAM    0    0.000E+00    1.459E-02
      ETA-ENERGY DIAGRAM    1    1.000E+00    1.920E-04
 
  RELATIVE ENERGY VARIATION       =  1.807E-02         CHECK = FALSE
  RELATIVE OUT OF BALANCE FORCE   =  1.759E-02         CHECK = FALSE
 
      SPARSE: DIM=2 NNZ(MAT)=3
      SOLVE: REDUCTION RES= 0.00E+00 (INIT. RES= 0.70E+01) NI=    1
      ETA-ENERGY DIAGRAM    0    0.000E+00    3.804E-04
      ETA-ENERGY DIAGRAM    1    1.000E+00    2.082E-04
 
  RELATIVE ENERGY VARIATION       =  7.194E-04         CHECK = FALSE
  RELATIVE OUT OF BALANCE FORCE   =  9.816E-03         CHECK = TRUE
 
      SPARSE: DIM=2 NNZ(MAT)=3
      SOLVE: REDUCTION RES= 0.00E+00 (INIT. RES= 0.39E+01) NI=    1
      ETA-ENERGY DIAGRAM    0    0.000E+00    1.213E-04
      ETA-ENERGY DIAGRAM    1    1.000E+00    6.972E-05
 
  RELATIVE ENERGY VARIATION       =  2.335E-04         CHECK = FALSE
  RELATIVE OUT OF BALANCE FORCE   =  5.643E-03         CHECK = TRUE
 
      SPARSE: DIM=2 NNZ(MAT)=3
      SOLVE: REDUCTION RES= 0.00E+00 (INIT. RES= 0.22E+01) NI=    1
      ETA-ENERGY DIAGRAM    0    0.000E+00    4.007E-05
      ETA-ENERGY DIAGRAM    1    1.000E+00    2.305E-05
 
  RELATIVE ENERGY VARIATION       =  7.715E-05         CHECK = TRUE
  RELATIVE OUT OF BALANCE FORCE   =  3.246E-03         CHECK = TRUE
 
  STEP     40 TERMINATED, CONVERGENCE AFTER   4 ITERATIONS
   TOTAL LOAD FACTOR:  LOADING( 2) *   2.000E-02
 
   PLASTICITY LOGGING SUMMARY
   GROUP NAME          PLAST, PRV. PL, CRITIC, PLAST NEW, PRV.PL NEW, CRITIC NEW
   TOTAL MODEL             0        0       0          0           0           0
   CRACKING LOGGING SUMMARY
   GROUP NAME               CRACK,     OPEN,   CLOSED,   ACTIVE,   INACTI,   ARISES, RE-OPENS,   CLOSES
   TOTAL MODEL                  4         4         0         4         0         0         0         0
     CUMULATIVE REACTION:         FORCE X        FORCE Y
                               -0.28248D+00     0.00000D+00
  
 /DIANA/DC/END     17:09:00      0.92-CPU     1.62-IO     7277-FA   STOP  
 
